You are using the default legacy behaviour of the <class 'transformers.models.t5.tokenization_t5.T5Tokenizer'>. This is expected, and simply means that the `legacy` (previous) behavior will be used so nothing changes for you. If you want to use the new behaviour, set `legacy=False`. This should only be set if you understand what it means, and thouroughly read the reason why this was added as explained in https://github.com/huggingface/transformers/pull/24565
Special tokens have been added in the vocabulary, make sure the associated word embeddings are fine-tuned or trained.
Input text: Pleuravocht rechts: acute ontsteking.
Gold standard: pleuravocht rechts 'acute ontsteking'
mT5-small: pleuravocht r ec hts 'acute ontsteking '
mT5-base: pleuravocht r ec hts 'acute ontsteking '
flan-t5-small: pleuravocht rechts ontsteking
flan-t5-base: pleuravocht rechts'acute ontsteking '
----------------------------------------------------------------------------------------------------
Input text: Appendectomie: appendicitis met peri-appendicitis en viscerale peritonitis / serositis. Geen maligniteit.
Gold standard: appendix resectie appendicitis
mT5-small: appendix resectie ontsteking
mT5-base: appendix resectie ontsteking
flan-t5-small: appendix resectie ontsteking
flan-t5-base: appendix resectie ontsteking
----------------------------------------------------------------------------------------------------
Input text: Verwijdering van een recidief ganglion rechter pols. Geen aanwijzingen voor een specifieke ontsteking geen maligniteit
Gold standard: pols rechts excisie ganglion
mT5-small: pees pols r ec hts excisie ganglion
mT5-base: pees pols r ec hts excisie ganglion
flan-t5-small: pols excisie ganglion
flan-t5-base: subcutis excisie ganglion
----------------------------------------------------------------------------------------------------
Input text: Maag sleeve resectie waarin geen afwijkingen of Helicobacter.
Gold standard: maag 'partiele resectie' 'geen afwijking'
mT5-small: maag resectie 'g een afwijking '
mT5-base: maag resectie 'g een afwijking '
flan-t5-small: maag resectie'geen afwijking '
flan-t5-base: maag resectie'geen afwijking '
----------------------------------------------------------------------------------------------------
Input text: Urine: ontsteking, geen tekenen van maligniteit.
Gold standard: urine 'geen maligniteit' ontsteking
mT5-small: urine 'g een maligniteit'ontsteking
mT5-base: urine 'g een maligniteit'ontsteking
flan-t5-small: urine'geen maligniteit'ontsteking
flan-t5-base: urine'geen maligniteit'ontsteking
----------------------------------------------------------------------------------------------------
Input text: Huidexcisie bovenbeen rechts: samengestelde naevus. Geen maligniteit.
Gold standard: huid bovenbeen excisie naevus
mT5-small: huid been r ec hts excisie'samengestelde naevus '
mT5-base: huid been r ec hts excisie'samengestelde naevus '
flan-t5-small: huid been rechts excisie'samengestelde naevus '
flan-t5-base: huid been rechts excisie'samengestelde naevus '
----------------------------------------------------------------------------------------------------
Input text: Colonbiopten (links): colonslijmvlies met geringe reactieve veranderingen, geen aanwijzingen voor microscopische colitis.
Gold standard: colon biopt 'geen afwijking'
mT5-small: colon biopt reactief
mT5-base: colon biopt reactief
flan-t5-small: colon biopt reactief
flan-t5-base: colon biopt reactief
----------------------------------------------------------------------------------------------------
Input text: Huidbiopt neusrug rechts: basaalcelcarcinoom van het solide type; dikte 1,6 mm.
Gold standard: huid neusrug rechts biopt basaalcelcarcinoom
mT5-small: huid neus r ec hts biopt basaalcelcarcinoom
mT5-base: huid neus r ec hts biopt basaalcelcarcinoom
flan-t5-small: huid neus rechts biopt basaalcelcarcinoom
flan-t5-base: huid neus biopt basaalcelcarcinoom
----------------------------------------------------------------------------------------------------
Input text: Pleuravocht links: Matig celrijk materiaal met veel bloed en en kleine groepjes atypische cellen, verdacht voor atypisch mesotheel. Aanvullend bericht volgt na inblokken restmateriaal. Zie C 16-2482.[CRLF]Aanvulling conclusie d.d. 24-10-16: Het immunocytochemisch profiel bevestigt dat de atypische celgroepen mesotheel betreft. Gezien de sterke celrijkdom met grote drie dimensionale groepen en atypie gaat de voorkeur uit voor een maligne mesothelioom boven reactieve hyperplasie. Geen carcinoom. Graag correleren met het klinisch en radiologisch beeld.
Gold standard: pleuravocht links atypie
mT5-small: pleuravocht links atypie'verdacht maligne '
mT5-base: pleuravocht links atypie'verdacht maligne '
flan-t5-small: pleuravocht links'maligne mesothelioom'' verdacht maligne '
flan-t5-base: pleuravocht links'aspiratie cytologie''pap 3''verdacht maligne cellen'' verdacht maligne'' verdacht maligne 
----------------------------------------------------------------------------------------------------
Input text: Colonslijmvliesbiopten sigmoid en descendens: 2x tubulair adenoom met laaggradige dysplasie.
Gold standard: colon biopt adenoom
mT5-small: colon biopt'tubulair adenoom'' laaggradige dysplasie '
mT5-base: colon biopt'tubulair adenoom'' laaggradige dysplasie '
flan-t5-small: colon biopt'tubulair adenoom'' laaggradige dysplasie '
flan-t5-base: colon biopt adenoom
----------------------------------------------------------------------------------------------------
Input text: Endometrium milex curettement: weinig materiaal waarin geen atypie of maligniteit.
Gold standard: endometrium curettement 'geen maligniteit'
mT5-small: endometrium curettage 'g een maligniteit '
mT5-base: endometrium curettage 'g een maligniteit '
flan-t5-small: endometrium curettement'geen maligniteit '
flan-t5-base: endometrium curettage'geen maligniteit '
----------------------------------------------------------------------------------------------------
Input text: conclusie[CRLF]I. Huidbiopt kin: solide en infiltratief micronodulair basaalcelcarcinoom, [CRLF]reikend tot tegen het subcutane vetweefsel.[CRLF]II. Huidbiopt retroauriculair rechts: solide en mogelijk infiltratief [CRLF]micronodulair basaalcelcarcinoom met enige squameuze differentiatie, reikend in [CRLF]de oppervlakkige reticulaire dermis..
Gold standard: huid kin biopt basaalcelcarcinoom [C-SEP] huid retroauriculair rechts biopt basaalcelcarcinoom
mT5-small: huid kin biopt basaalcelcarcinoom [C-SEP] huid retroauriculair r ec hts biopt basaalcelcarcinoom
mT5-base: huid kin biopt basaalcelcarcinoom [C-SEP] huid retroauriculair r ec hts biopt basaalcelcarcinoom
flan-t5-small: huid kin biopt'basaalcelcarcinoom solide type''basaalcelcarcinoom solide type' [C-SEP] huid retroauriculair rechts biopt'basaalcelcarcinoom solide type''basaalcelcarcinoom infiltrerend
flan-t5-base: huid kin biopt'basaalcelcarcinoom solide type' [C-SEP] huid retroauriculair rechts biopt'basaalcelcarcinoom solide type'
----------------------------------------------------------------------------------------------------
Input text: Huidstansbiopsie neusrug, zijdigheid niet vermeld: basaloide laesie passend bij nodulair basaalcelcarcinoom.[CRLF]Invasie in diepe structuren: afwezig; perineurale invasie: niet aangetroffen.
Gold standard: huid gelaat 'zijdigheid onbekend' biopt basaalcelcarcinoom
mT5-small: huid gelaat'zijdigheid onbekend'biopt basaalcelcarcinoom
mT5-base: huid gelaat'zijdigheid onbekend'biopt basaalcelcarcinoom
flan-t5-small: huid gelaat'zijdigheid onbekend'biopt basaalcelcarcinoom
flan-t5-base: huid gelaat'zijdigheid onbekend'biopt basaalcelcarcinoom
----------------------------------------------------------------------------------------------------
Input text: Stereotactische biopten mamma rechts mediaal onderkwadrant: mastopathie, calcificaties in I aanwezig.
Gold standard: mamma rechts biopt mastopathie
mT5-small: mamma r ec hts biopt mastopathie
mT5-base: mamma r ec hts biopt mastopathie
flan-t5-small: mamma rechts biopt mastopathie
flan-t5-base: mamma rechts biopt mastopathie
----------------------------------------------------------------------------------------------------
Input text: Pleuravocht rechts: lymfocytose verdacht metastase adenocacinoom. Zie C22-2308
Gold standard: pleuravocht atypie
mT5-small: pleuravocht r ec hts'metastase adenocarcinoom'endometrium
mT5-base: pleuravocht r ec hts'metastase adenocarcinoom'endometrium
flan-t5-small: pleuravocht rechts'metastase adenocarcinoom'' primaire tumor onbekend '
flan-t5-base: pleuravocht rechts'aspiratie cytologie''pap 5''verdacht maligne '
----------------------------------------------------------------------------------------------------
Input text: Huidexcisie rechterflank: nodulair groeiend basaalcelcarcinoom. Resectievlakken zijn vrij. In een van de uiteinden een verruca seborrhoica.
Gold standard: huid excisie basaalcelcarcinoom
mT5-small: huid flank r ec hts excisie basaalcelcarcinoom'verruca seborrhoica '
mT5-base: huid flank r ec hts excisie basaalcelcarcinoom'verruca seborrhoica '
flan-t5-small: huid excisie basaalcelcarcinoom
flan-t5-base: huid flank rechts excisie basaalcelcarcinoom'verruca seborrhoica '
----------------------------------------------------------------------------------------------------
Input text: I: dunnedarmbiopten (duodenum): geen afwijkingen. Geen argumenten voor coeliakie. Geen giardiasis.[CRLF]II: maagbiopten (antrum en corpus): chronisch actieve Helicobacter pylori geassocieerde ontsteking. Geen atrofie, intestinale metaplasie, dysplasie of maligniteit.
Gold standard: maag biopt ontsteking 'helicobacter pylori' [C-SEP] duodenum biopt 'geen afwijking'
mT5-small: duodenum biopt 'g een afwijking'[C-SEP] maag biopt'chronisch actieve ontsteking'' helicobacter pylori '
mT5-base: duodenum biopt 'g een afwijking'[C-SEP] maag biopt'chronisch actieve ontsteking'' helicobacter pylori '
flan-t5-small: ' dunne darm'biopt'geen afwijking'[C-SEP] maag biopt ontsteking
flan-t5-base: ' dunne darm'biopt'geen afwijking'[C-SEP] maag biopt'chronisch actieve ontsteking'' helicobacter pylori '
----------------------------------------------------------------------------------------------------
Input text: Mond excisie hoektand onder links: odontogene cyste, met voorkeur voor inflammatoire cyste. Geen keratocyste, geen dysplasie.
Gold standard: mond links excisie cyste
mT5-small: mond excisie cyste
mT5-base: mond excisie cyste
flan-t5-small: 'mond'links excisie cyste
flan-t5-base: mondslijmvlies links excisie cyste
----------------------------------------------------------------------------------------------------
Input text: Huidexcisie wang rechts: samengestelde naevus naevocellularis. Geen dysplasie of maligniteit.
Gold standard: huid wang rechts excisie 'samengestelde naevus'
mT5-small: huid wang r ec hts excisie'samengestelde naevus '
mT5-base: huid wang r ec hts excisie'samengestelde naevus '
flan-t5-small: huid excisie'naevus naevocellularis '
flan-t5-base: huid wang rechts excisie'samengestelde naevus '
----------------------------------------------------------------------------------------------------
Input text: Sterk hypercellulair beenmerg waarin een beeld passend bij myelodysplastich syndroom/myeloproliferatieve ziekte, unclassifiable[CRLF]NB: Dysplasie in myeloide- en megakaryocyten reeks. Blastenpercentage van 11%. Perifeer verhoogd aantal thrombocyten (>450 x 10 9/L) met een megakaryocyten proliferatie.
Gold standard: beenmerg aspiratie 'myelodysplastisch myeloproliferatief proces'
mT5-small: beenmerg aspiratie thrombo cyt thrombose
mT5-base: beenmerg aspiratie thrombo cyt thrombose
flan-t5-small: beenmerg biopsie'myelodysplastisch syndroom'' geen maligniteit''consult intern '
flan-t5-base: beenmerg biopt myel om pemfigoid
----------------------------------------------------------------------------------------------------
Input text: Urine: geen afwijkingen.
Gold standard: urine 'geen maligniteit'
mT5-small: urine 'g een maligniteit '
mT5-base: urine 'g een maligniteit '
flan-t5-small: urine'geen maligniteit '
flan-t5-base: urine'geen maligniteit '
----------------------------------------------------------------------------------------------------
Input text: I: biopten terminale ileum met een actief chronische ontsteking.[CRLF]II, III en IV: colonbiopten met een geringe chronische actieve ontsteking met eosinofilie. Het beeld zou kunnen passen bij dat van een eosinofiele colitis.
Gold standard: ileum biopt 'actieve chronische ontsteking' [C-SEP] colon biopt 'chronische actieve ontsteking' eosinofilie
mT5-small: ileum biopt ontsteking [C-SEP] colon biopt'chronisch actieve ontsteking '
mT5-base: ileum biopt ontsteking [C-SEP] colon biopt'chronisch actieve ontsteking '
flan-t5-small: ' dunne darm'biopt'chronisch actieve ontsteking'[C-SEP] colon biopt'chronische ontsteking'eosinofilie
flan-t5-base: ileum biopt'actieve chronische ontsteking'[C-SEP] colon biopt'actieve ontsteking '
----------------------------------------------------------------------------------------------------
Input text: Op basis van afwijkende aankleuring van de MMR eiwitten, instabiele microsatelliet markers (MSI-high), aanwezigheid van MLH-1 hypermethylering en aanwezigheid van een BRAF mutatie, zijn er onvoldoende aanwijzingen voor Lynch syndroom.
Gold standard: 'lokalisatie onbekend' excisie 'geen zekere diagnose' 'moleculaire biologie' immuunhistochemie
mT5-small: colon biopt adenocarcinoom
mT5-base: colon biopt adenocarcinoom
flan-t5-small: colon biopt'geen diagnose'' moleculaire diagnostiek '
flan-t5-base: colon resectie adenocarcinoom'moleculaire diagnostiek '
----------------------------------------------------------------------------------------------------
Input text: Huidstans biopt (linker oorschelp): uitgebreide ulceratie en actieve, chronische ontsteking. In deze inzending wordt geen (pre-)maligniteit gezien.
Gold standard: huid oorschelp links biopt ulceratie 'geen maligniteit.'
mT5-small: huid oor links biopt ulcus
mT5-base: huid oor links biopt ulcus
flan-t5-small: huid oor links biopt ulcus'actieve chronische ontsteking '
flan-t5-base: huid oor links biopt ontsteking
----------------------------------------------------------------------------------------------------
Input text: Excisiepreparaat oorschelp links: beeld van een jicht tofus.
Gold standard: huid oor links biopt jicht
mT5-small: huid excisie jicht
mT5-base: huid excisie jicht
flan-t5-small: huid excisie pilomatrixoom
flan-t5-base: huid oor links excisie angioom
----------------------------------------------------------------------------------------------------
Input text: Huidbiopt(onderbeen links) met een beeld van een actinische keratose.
Gold standard: huid onderbeen biopsie 'keratosis actinica'
mT5-small: huid been links biopt'actinische keratose '
mT5-base: huid been links biopt'actinische keratose '
flan-t5-small: huid onderbeen links biopt'actinische keratose '
flan-t5-base: huid been links biopt'actinische keratose '
----------------------------------------------------------------------------------------------------
Input text: <text src="cobas" date="1630340771">Conclusie Moleculaire Diagnostiek: hoog-risico HPV-negatief.</text>
Gold standard: cervix 'h.p.v. negatief'
mT5-small: cervix'h.p.v. negatief '
mT5-base: cervix'h.p.v. negatief '
flan-t5-small: cervix'h.p.v. negatief '
flan-t5-base: cervix'h.p.v. negatief '
----------------------------------------------------------------------------------------------------
Input text: huidexcisie rug zijdigheid onbekend met een verruca seborrhoica.
Gold standard: huid rug 'zijdigheid onbekend' excisie 'verruca seborrhoica'
mT5-small: huid rug excisie'verruca seborrhoica '
mT5-base: huid rug excisie'verruca seborrhoica '
flan-t5-small: huid rug'zijdigheid onbekend'excisie'verruca seborrhoica '
flan-t5-base: huid rug excisie'verruca seborrhoica '
----------------------------------------------------------------------------------------------------
Input text: Stereotactische biopten mamma links (2 uur): ductectasieen en apocriene metaplasie passend bij mastopathie. Geen in situ carcinoom, geen invasieve maligniteit, geen verkalkingen.
Gold standard: mamma links biopt mastopathie
mT5-small: mamma links biopt mastopathie
mT5-base: mamma links biopt mastopathie
flan-t5-small: mamma links biopt mastopathie
flan-t5-base: mamma links biopt'geen maligniteit '
----------------------------------------------------------------------------------------------------
Input text: Huidexcisie rechterborst: dermale naevus naevocellularis pigmentosus. Geen aanwijzingen voor atypie of maligniteit.[CRLF]Voor eventuele vragen over de uitslag kunt u contact opnemen met het secretariaat pathologie tel: *******.[CRLF]Deze uitslag is daar bekend onder nummer T16-40877.
Gold standard: huid excisie 'naevus naevocellularis'
mT5-small: huid borst r ec hts excisie'naevus naevocellularis '
mT5-base: huid borst r ec hts excisie'naevus naevocellularis '
flan-t5-small: huid excisie'naevus naevocellularis '
flan-t5-base: huid borst rechts excisie'dermale naevus '
----------------------------------------------------------------------------------------------------
Input text: Definitief:[CRLF]I, II: lymfklieren iliaca externa rechts en obturatorius rechts: 2 lymfklieren zonder metastase.
Gold standard: lymfklier abdomen 'kleine bekken' resectie 'geen maligniteit'
mT5-small: lymfklier bekken r ec hts resectie 'g een maligniteit '
mT5-base: lymfklier bekken r ec hts resectie 'g een maligniteit '
flan-t5-small: lymfklier'kleine bekken'rechts resectie'geen maligniteit '
flan-t5-base: lymfklier bekken rechts resectie'geen maligniteit '
----------------------------------------------------------------------------------------------------
Input text: conclusie[CRLF]Revisie ten behoeve van derden. PA materiaal T 20 - 02108 uit ******* Medisch [CRLF]Centrum *******. Revisie concordant.[CRLF]Huidbiopt links temporaal: deels solide, deels micronodulair en deels [CRLF]sprieterig infiltrerend groeiend basaalcelcarcinoom, reikend tot aan de [CRLF]dermosubcutane overgang.
Gold standard: huid temporaal links biopt 'basaalcelcarcinoom solide type' 'basaalcelcarcinoom infiltrerend type' 'revisie ten behoeve van derden concordant'
mT5-small: huid temporaal links biopt'basaalcelcarcinoom solide type''revisie ten behoeve van derden concordant '
mT5-base: huid temporaal links biopt'basaalcelcarcinoom solide type''revisie ten behoeve van derden concordant '
flan-t5-small: huid temporaal links biopt'basaalcelcarcinoom solide type''basaalcelcarcinoom infiltrerend type''basaalcelcarcinoom infiltrerend type''basaalcelcarcinoom sprieterig type''revisie
flan-t5-base: huid temporaal links biopt basaalcelcarcinoom'revisie te n behoeve van derden '
----------------------------------------------------------------------------------------------------
Input text: Huidexcisie buik (rechtsboven): grensvlaknaevus. In toto verwijderd.
Gold standard: huid resectie naevus
mT5-small: huid buik r ec hts excisie naevus
mT5-base: huid buik r ec hts excisie naevus
flan-t5-small: huid buik rechts excisie grensvlaknaevus
flan-t5-base: huid buik rechts excisie grensvlaknaevus
----------------------------------------------------------------------------------------------------
Input text: Re-excisie huid voorhoofd: litteken. Geen rest melanoom aangetroffen.
Gold standard: huid excisie litteken
mT5-small: huid gelaat re- excisie litteken
mT5-base: huid gelaat re- excisie litteken
flan-t5-small: huid hoofd excisie litteken
flan-t5-base: huid voorhoofd excisie litteken
----------------------------------------------------------------------------------------------------
Input text: Huidexcisie rechts temporaal: basaalcelcarcinoom, nodulair type; snijranden vrij.
Gold standard: huid excisie basaalcelcarcinoom
mT5-small: huid excisie basaalcelcarcinoom
mT5-base: huid excisie basaalcelcarcinoom
flan-t5-small: huid excisie basaalcelcarcinoom
flan-t5-base: huid excisie basaalcelcarcinoom
----------------------------------------------------------------------------------------------------
Input text: (voorlopig): huidexcisie neusrug: nodulair basaalcelcarcinoom, marginaal radicaal in een van de puntjes. Dit puntje wordt dieper opgesneden voor radicaliteitsonderzoek.[CRLF]Nader bericht volgt over radicaliteit.[CRLF]18-05-15/OOM/OOM[CRLF]Aanvulling d.d. 19-05-15:[CRLF]Het snijvlak is dieper ingesneden: de excisie is radicaal.[CRLF]19-05-15/OOM/OOM
Gold standard: huid gelaat neus resectie basaalcelcarcinoom
mT5-small: huid neus resectie basaalcelcarcinoom
mT5-base: huid neus resectie basaalcelcarcinoom
flan-t5-small: huid neus resectie basaalcelcarcinoom
flan-t5-base: huid neus excisie basaalcelcarcinoom
----------------------------------------------------------------------------------------------------
Input text: I: huidexcisie rechteroor: reactief beeld passend bij chondrodermatitis. Geen argumenten voor dysplasie of maligniteit.[CRLF]II: huidexcisie linkeroor:  reactief beeld passend bij chondrodermatitis. Geen argumenten voor dysplasie of maligniteit.
Gold standard: huid oor links rechts excisie reactief
mT5-small: huid oor r ec hts excisie 'g een maligniteit'[C-SEP] huid oor links excisie'reactieve verandering'
mT5-base: huid oor r ec hts excisie 'g een maligniteit'[C-SEP] huid oor links excisie'reactieve verandering'
flan-t5-small: huid oor rechts excisie'geen maligniteit'[C-SEP] huid oor links excisie'geen maligniteit '
flan-t5-base: huid oor rechts excisie reactief [C-SEP] huid oor links excisie cyste
----------------------------------------------------------------------------------------------------
Input text: Huidbiopt pretibiaal rechts: zeer geringe perivasculaire lymfocytaire dermatose met aanwezigheid van schimmel,  passend bij dermatomycose. Geen beeld van eczeem, vasculitis of auto-inflammatoire aandoening. Geen maligniteit.
Gold standard: huid been rechts biopt mycose
mT5-small: huid been r ec hts biopt schimmel
mT5-base: huid been r ec hts biopt schimmel
flan-t5-small: huid been rechts biopt schimmel
flan-t5-base: huid been rechts biopt schimmel
----------------------------------------------------------------------------------------------------
Input text: Conclusie: Papklasse 1. Hoog risico HPV negatief.[CRLF]Advies: De vrouw kan terug naar de cyclus van het bevolkingsonderzoek. Voorlopig zijn er geen afwijkingen van betekenis te verwachten.
Gold standard: cervix uitstrijk 'geen afwijking' 'humaan papillomavirus test' 'h.p.v. negatief'
mT5-small: cervix uitstrijk 'g een afwijking'' humaan papilloma virus test''h.p.v. negatief '
mT5-base: cervix uitstrijk 'g een afwijking'' humaan papilloma virus test''h.p.v. negatief '
flan-t5-small: cervix uitstrijk'geen afwijking'' humaan papilloma virus te st''h.p.v. negatief '
flan-t5-base: cervix uitstrijk'geen afwijking'' humaan papilloma virus te st''h.p.v. negatief '
----------------------------------------------------------------------------------------------------
Input text: Huidbiopsie vulva / pubis gebied: reactief beeld waarbij differentiaal diagnostisch overwogen kan worden resttoestand na voorgaande ontsteking, reactief beeld bij het proces wat niet in deze biopsie werd getroffen of rest na traumatisatie.
Gold standard: huid biopt reactief
mT5-small: huid biopt reactief
mT5-base: huid biopt reactief
flan-t5-small: huid vulva biopsie reactief
flan-t5-base: huid vulva biopsie ontsteking
----------------------------------------------------------------------------------------------------
Input text: I. Duodenumbiopsie zonder afwijkingen.[CRLF]II. Corpus- en antrum biopsie van de maag met geringe eosinofilie zonder verdere bijzonderheden. Geen atrofie of intestinale metaplasie. Geen dysplasie of maligniteit. Helicobacter pylori is negatief
Gold standard: duodenum biopsie 'geen afwijking' [C-SEP] maag biopsie 'geen afwijking'
mT5-small: duodenum slijmvlies biopsie 'g een afwijking'[C-SEP] maag slijmvlies biopsie 'g een afwijking '
mT5-base: duodenum slijmvlies biopsie 'g een afwijking'[C-SEP] maag slijmvlies biopsie 'g een afwijking '
flan-t5-small: duodenum biopsie'geen afwijking'[C-SEP] maag biopsie eosinofilie
flan-t5-base: duodenum biopsie'geen afwijking'[C-SEP] maag biopsie'geen afwijking '
----------------------------------------------------------------------------------------------------
Input text: Huidexcisie onderbeen links: basaalcelcarcinoom, deels nodulair en deels met sprieterige groeiwijze. De snijvlakken zijn vrij. Het sprieterige component toont een ruime marge tot aan het bodem snijvlak (>4mm).
Gold standard: huid excisie basaalcelcarcinoom
mT5-small: huid been links excisie basaalcelcarcinoom
mT5-base: huid been links excisie basaalcelcarcinoom
flan-t5-small: huid onderbeen links excisie basaalcelcarcinoom
flan-t5-base: huid excisie basaalcelcarcinoom
----------------------------------------------------------------------------------------------------
Input text: Huidbiopt scalp: huid met prominente actieve, focaal chronische ontsteking en atypie van de epidermis. Geen maligniteit. Schimmelkleuring negatief.
Gold standard: huid hoofd biopt 'actieve ontsteking' atypie 'geen maligniteit'
mT5-small: huid hoofd biopt ontsteking
mT5-base: huid hoofd biopt ontsteking
flan-t5-small: huid hoofd biopt ontsteking
flan-t5-base: huid hoofd biopt atypie
----------------------------------------------------------------------------------------------------
Input text: Amputatie digitus 3 linker hand: matig gedifferentieerd plaveiselcelcarcinoom, maximale diameter 1,3 cm, maximale tumordikte 0,6 cm, geen angio-invasie of perineurale groei. Uitbreiding tot in de subcutis. Geen invasie in botweefsel. Proximaal van de tumor multifocaal morbus Bowen. De resectieranden zijn vrij, marges circa 3 cm voor het plaveiselcelcarcinoom, marges 0,7 cm voor de morbus Bowen.
Gold standard: huid vinger amputatie plaveiselcelcarcinoom
mT5-small: huid hand links excisie plaveiselcelcarcinoom
mT5-base: huid hand links excisie plaveiselcelcarcinoom
flan-t5-small: ' weke delen'vinger hand links resectie plaveiselcelcarcinoom'snijvlak vrij '
flan-t5-base: ' weke delen'hand links resectie plaveiselcelcarcinoom
----------------------------------------------------------------------------------------------------
Input text: Pancreas corpus/staart resectie in twee delen: In het proximale deel (corpus) wordt tegen de gestapelde resectierand een neuro-endocriene tumor, graad I / insulinoom met een diameter van 0,9 cm aangetroffen. De afwijking is voorzover te beoordelen krap in toto verwijderd. In het distale pancreasdeel worden plaatselijk fibrosegebiedjes aangetroffen, waarin pancreas afvoerwegen met PanIN I  laesies. In dit totaal ingesloten pancreasgedeelte geen neuro-endocriene tumor aangetroffen.
Gold standard: pancreas resectie 'neuro-endocriene tumor' insulinoom 'resectievlak vrij.'
mT5-small: pancreas resectie'neuroendocriene tumor'
mT5-base: pancreas resectie'neuroendocriene tumor'
flan-t5-small: pancreas resectie'neuroendocriene tumor graad 1'
flan-t5-base: pancreas resectie'neuroendocriene tumor'' snijvlak niet vrij '
----------------------------------------------------------------------------------------------------
Input text: Endo-echo punctie station 7: lymfklierpunctie zonder tumorcellen (gedeeltelijk te dik cq beperkt beoordeelbaar celmateriaal).
Gold standard: lymfklier mediastinum punctaat 'geen tumorcellen' endo-echografie
mT5-small: lymfklier mediastinum punctie 'g een maligniteit '
mT5-base: lymfklier mediastinum punctie 'g een maligniteit '
flan-t5-small: lymfklier mediastinum punctie'geen maligniteit '
flan-t5-base: lymfklier mediastinum punctie'geen maligniteit '
----------------------------------------------------------------------------------------------------
Input text: Huidexcisie achter op het behaarde hoofd: dermale naevus naevocellularis.
Gold standard: huid excisie 'naevus naevocellularis'
mT5-small: huid excisie naevus
mT5-base: huid excisie naevus
flan-t5-small: huid excisie'naevus naevocellularis '
flan-t5-base: huid hoofd excisie'naevus naevocellularis '
----------------------------------------------------------------------------------------------------
Input text: Huidexcisie thoracaal rechts achter: papillomateuze samengestelde naevus, geen maligniteit.
Gold standard: huid excisie naevus
mT5-small: huid thorax r ec hts excisie'naevus naevocellularis '
mT5-base: huid thorax r ec hts excisie'naevus naevocellularis '
flan-t5-small: huid excisie naevus
flan-t5-base: huid excisie naevus
----------------------------------------------------------------------------------------------------
Input text: Biopten synovium knie rechts waarin een met name chronische synovitis met kenmerken die passen bij reumatoide artritis. Kan dit klinisch? Daarnaast is er een milde actieve ontsteking, geen infectieus agens aantoonbaar.[CRLF]C/m
Gold standard: synovium knie rechts biopt 'chronische ontsteking' 'reumatoide artritis' 'actieve ontsteking'
mT5-small: synovium knie r ec hts biopt'chronische ontsteking''g een maligniteit '
mT5-base: synovium knie r ec hts biopt'chronische ontsteking''g een maligniteit '
flan-t5-small: knie rechts biopt'chronische ontsteking '
flan-t5-base: synovium knie rechts biopt'chronische ontsteking'' geen maligniteit '
----------------------------------------------------------------------------------------------------
Input text: I: Excisie perineum introitus dorsaal met undifferentiated/usual type VIN-3, reikend tot in het ventrale resectievlak, dorsale resectievlak en een van de laterale resectievlakken. Geen overtuigende invasieve groei.[CRLF]II: Vulvectomie links met een matig gedifferentieerd plaveiselcelcarcinoom, diameter 1,3 mm, infiltratiediepte 1,1 mm. Geen vaso-invasieve of perineurale groei. De snijranden zijn vrij met een marge van 6 mm naar de ventrale- en dorsale snijrand, 7 mm naar de mediale- en diepe snijrand en 10 mm naar de laterale snijrand. Rondom undifferentiated/usual type VIN-3 reikend tot in de snijranden.
Gold standard: vulva excisie plaveiselcelcarcinoom 'ernstige dysplasie' [C-SEP] perineum excisie 'ernstige dysplasie'
mT5-small: vulva excisie plaveiselcelcarcinoom
mT5-base: vulva excisie plaveiselcelcarcinoom
flan-t5-small: vulva excisie plaveiselcelcarcinoom'snijvlak niet vrij '
flan-t5-base: vulva links excisie plaveiselcelcarcinoom 'consult intern'[C-SEP] vulva links excisie plaveiselcelcarcinoom
----------------------------------------------------------------------------------------------------
Input text: Endometriumbiopten: endometrium zonder atypie, hyperplasie of maligniteit.
Gold standard: endometrium biopt 'geen maligniteit'
mT5-small: endometrium biopt 'g een maligniteit '
mT5-base: endometrium biopt 'g een maligniteit '
flan-t5-small: endometrium biopt'geen maligniteit '
flan-t5-base: endometrium biopt'geen maligniteit '
----------------------------------------------------------------------------------------------------
Input text: Huidbiopt slaap links: nodulair basaalcelcarcinoom, gegroeid tot op +/- 2/3 van de totale dikte van het biopt.
Gold standard: huid hoofd links biopt basaalcelcarcinoom
mT5-small: huid slaap links biopt basaalcelcarcinoom
mT5-base: huid slaap links biopt basaalcelcarcinoom
flan-t5-small: huid hoofd biopt basaalcelcarcinoom
flan-t5-base: huid biopt basaalcelcarcinoom
----------------------------------------------------------------------------------------------------
Input text: Pleuravocht (links): maligne cellen, waarvan het immuunhistochemisch profiel past bij een primair pulmonaal adenocarcinoom. Een metastase coloncarcinoom lijkt uitgesloten.
Gold standard: pleuravocht links adenocarcinoom bespreking
mT5-small: pleuravocht links'aspiratie cytologie''pap 5' adenocarcinoom
mT5-base: pleuravocht links'aspiratie cytologie''pap 5' adenocarcinoom
flan-t5-small: pleuravocht links'metastase adenocarcinoom'long
flan-t5-base: pleuravocht links'metastase adenocarcinoom'long
----------------------------------------------------------------------------------------------------
Input text: Excisie huid wang links: Beeld kan passen bij een kleine verruca seborrhoica. Tevens lentigo solaris, lichenoide ontsteking en forse pigmentincontinentie. Geen aanknopingspunten voor maligniteit.
Gold standard: huid excisie 'geen maligniteit'
mT5-small: huid wang links excisie'verruca seborrhoica'' chronische ontsteking'' lentigo solaris '
mT5-base: huid wang links excisie'verruca seborrhoica'' chronische ontsteking'' lentigo solaris '
flan-t5-small: huid wang links excisie'verruca seborrhoica '
flan-t5-base: huid wang links excisie'verruca seborrhoica '
----------------------------------------------------------------------------------------------------
Input text: I t/m III: excisiebiopsie huid vulva rechts, respectievelijk onderste 4, bovenste 3-tal en donkere niet verheven huidafwijking: in alle onderverdelingen fibro-epitheliale poliepen (skintags) met kenmerken van een verruca seborrhoica. Geen dysplasie, geen virale veranderingen.
Gold standard: huid vulva rechts biopt 'verruca seborrhoica'
mT5-small: huid vulva excisie'verruca seborrhoica '
mT5-base: huid vulva excisie'verruca seborrhoica '
flan-t5-small: huid vulva excisie 'fibro- epitheliale poliep '
flan-t5-base: vulva excisie'verruca seborrhoica '
----------------------------------------------------------------------------------------------------
Input text: Prostaatbiopten beiderzijds: links: geen tumor.[CRLF]Rechts: matig  gedifferentieerd adenocarcinoom, Gleason score 3 + 4 = 7, in een der biopten hier in 30% van het materiaal.
Gold standard: prostaat links biopt 'geen tumor' [C-SEP] prostaat rechts biopt adenocarcinoom morfometrie
mT5-small: prostaat biopt adenocarcinoom
mT5-base: prostaat biopt adenocarcinoom
flan-t5-small: prostaat biopt adenocarcinoom
flan-t5-base: prostaat links biopt adenocarcinoom [C-SEP] prostaat rechts biopt'geen maligniteit '
----------------------------------------------------------------------------------------------------
Input text: Excisie lymfklieren oksel links (sentinel node): twee lymfklieren vrij van tumor.[CRLF]jw/ng
Gold standard: lymfklier oksel links excisie 'geen maligniteit'
mT5-small: lymfklier oksel links excisie 'g een maligniteit '
mT5-base: lymfklier oksel links excisie 'g een maligniteit '
flan-t5-small: lymfklier oksel links excisie'sentinel node '
flan-t5-base: lymfklier oksel links excisie'geen maligniteit '
----------------------------------------------------------------------------------------------------
Input text: Portioamputatie: reactieve veranderingen passend bij prolaps. Geen dysplasie of maligniteit.
Gold standard: cervix excisie 'geen maligniteit'
mT5-small: cervix resectie reactief prolaps
mT5-base: cervix resectie reactief prolaps
flan-t5-small: cervix excisie'geen maligniteit '
flan-t5-base: cervix excisie'geen maligniteit '
----------------------------------------------------------------------------------------------------
Input text: Huid rechterwang: Verruca seborrhoica.
Gold standard: huid wang rechts excisie 'verruca seborrhoica'
mT5-small: huid wang r ec hts biopt'verruca seborrhoica '
mT5-base: huid wang r ec hts biopt'verruca seborrhoica '
flan-t5-small: huid wang rechts biopt'verruca seborrhoica '
flan-t5-base: huid wang rechts excisie'verruca seborrhoica '
----------------------------------------------------------------------------------------------------
Input text: Ascites: geen maligniteit.
Gold standard: ascites 'geen maligniteit'
mT5-small: ascites 'g een maligniteit '
mT5-base: ascites 'g een maligniteit '
flan-t5-small: ascites'geen maligniteit '
flan-t5-base: ascites'geen maligniteit '
----------------------------------------------------------------------------------------------------
Input text: Serologisch geen aanwijzing voor schildklierautoimmuniteit.
Gold standard: serum punctie 'geen afwijking'
mT5-small: serum punctie 'g een afwijking '
mT5-base: serum punctie 'g een afwijking '
flan-t5-small: serum punctie'geen afwijking '
flan-t5-base: serum punctie'geen afwijking '
----------------------------------------------------------------------------------------------------
Input text: Sigmoid: Normaal colontype slijmvlies.
Gold standard: colon biopt 'geen afwijking'
mT5-small: colon biopt 'g een afwijking '
mT5-base: colon biopt 'g een afwijking '
flan-t5-small: colon biopt'geen afwijking '
flan-t5-base: colon biopsie'geen afwijking '
----------------------------------------------------------------------------------------------------
Input text: Huidbiopt rechteronderarm: nodulair groeiend basaalcelcarcinoom.
Gold standard: huid onderarm rechts biopt basaalcelcarcinoom
mT5-small: huid biopt basaalcelcarcinoom
mT5-base: huid biopt basaalcelcarcinoom
flan-t5-small: huid biopt basaalcelcarcinoom
flan-t5-base: huid arm rechts biopt basaalcelcarcinoom
----------------------------------------------------------------------------------------------------
Input text: Resectievlak ductus hepaticus dextra met geringe ontstekingsatypie, zonder evidente dysplasie of maligniteit. Vriescoupe concordant.
Gold standard: 'extrahepatische galweg' resectie ontsteking 'geen maligniteit' 'vriescoupe concordant'
mT5-small: ' ductus hepaticus'resectie 'g een maligniteit'' vriescoupe concordant '
mT5-base: ' ductus hepaticus'resectie 'g een maligniteit'' vriescoupe concordant '
flan-t5-small: ' ductus choledochus'' partiele resectie'' geen maligniteit'' vriescoupe concordant '
flan-t5-base: ' weke delen'buik resectie'geen maligniteit'' vriescoupe concordant '
----------------------------------------------------------------------------------------------------
Input text: Colonbiopten: Beeld passend bij collageneuze colitis.
Gold standard: colon biopt ontsteking
mT5-small: colon biopt'collageneuze colitis '
mT5-base: colon biopt'collageneuze colitis '
flan-t5-small: colon biopt'collageneuze colitis '
flan-t5-base: colon biopt'collageneuze colitis '
----------------------------------------------------------------------------------------------------
Input text: I: huidbiopt laterale zijde rechter oog (bovenpool): in de dermis pigmentincontinentie (postinflammatoir?), maar voor het overige geen specifieke afwijkingen. Geen aanwijzingen voor keratosis actinica. Geen basaalcelcarcinoom.[CRLF]II: huidbiopt laterale zijde rechter oog (onderpool): superficieel basaalcelcarcinoom.[CRLF]III: huidbiopt boven linker wenkbrauw: keratosis actinica.
Gold standard: huid gelaat biopt 'keratosis actinica' basaalcelcarcinoom
mT5-small: huid oog r ec hts biopt basaalcelcarcinoom [C-SEP] huid gelaat links biopt'keratosis actinica '
mT5-base: huid oog r ec hts biopt basaalcelcarcinoom [C-SEP] huid gelaat links biopt'keratosis actinica '
flan-t5-small: huid gelaat rechts biopt basaalcelcarcinoom [C-SEP] huid gelaat links biopt'keratosis actinica '
flan-t5-base: huid gelaat biopt basaalcelcarcinoom [C-SEP] huid gelaat biopt'keratosis actinica '
----------------------------------------------------------------------------------------------------
Input text: Celdifferentiatie:[CRLF]Er zijn 300 cellen geteld.[CRLF]Alveolaire macrofagen             8 %.[CRLF]Lymfocyten                      12 %.[CRLF]Neutrofiele granulocyten        72 %.[CRLF]Eosinofiele granulocyten                  8 %.[CRLF]Er zijn groepjes trilhaarepitheelcellen aanwezig.
Gold standard: 'bronchioalveolaire lavage' g.a.
mT5-small: long 'Loyal grootcellig b-cel lymfoom'pathologie
mT5-base: long 'Loyal grootcellig b-cel lymfoom'pathologie
flan-t5-small: urine'geen pathologie '
flan-t5-base: semen'status na vasectomie '
----------------------------------------------------------------------------------------------------
Input text: I. Poliepexcisie colon ascendens: sessiel serrated adenoom. Geen dysplasie.[CRLF]II. Colonbiopt (descendens): tubulair adenoom met laaggradige dysplasie.[CRLF]III. Rectosigmoidbiopten: beeld past bij matig gedifferentieerd adenocarcinoom.
Gold standard: colon biopsie adenocarcinoom [C-SEP] colon biopsie poliep 'tubulair adenoom'
mT5-small: colon biopt'tubulair adenoom'' laaggradige dysplasie '
mT5-base: colon biopt'tubulair adenoom'' laaggradige dysplasie '
flan-t5-small: colon biopt'tubulair adenoom'' laaggradige dysplasie '
flan-t5-base: colon biopt'tubulair adenoom'' sessiel serrated adenoom'[C-SEP] colon biopt adenocarcinoom
----------------------------------------------------------------------------------------------------
Input text: Huid re-excisie pariA«taal: uitgebreid restant van het eerder gediagnostiseerde weinig gedifferentieerd plaveiselcelcarcinoom, reikend tot in het bodemresectievlak alsook een van beide laterale vlakken, te weten het vlak over 9 uur indien het gemarkeerde vlak op 12 uur is gesteld. In de achtergrond morbus Bowen, reikend tot in meerdere snijvlakken.
Gold standard: huid hoofd excisie plaveiselcelcarcinoom 'revisie extern concordant'
mT5-small: huid excisie plaveiselcelcarcinoom
mT5-base: huid excisie plaveiselcelcarcinoom
flan-t5-small: huid excisie plaveiselcelcarcinoom
flan-t5-base: huid rug excisie plaveiselcelcarcinoom'morbus bowen '
----------------------------------------------------------------------------------------------------
Input text: Huidbiopten romp linksvoor: ontstekingsbeeld passend bij pityriasis lichenoides. Geen aanwijzingen voor mycosis fungoides.
Gold standard: huid biopsie 'pityriasis lichenoides'
mT5-small: huid biopt'pityriasis lichenoides '
mT5-base: huid biopt'pityriasis lichenoides '
flan-t5-small: huid biopt'pityriasis lichenoides '
flan-t5-base: huid romp biopt urticaria
----------------------------------------------------------------------------------------------------
Input text: Huidexcisie recidief basaalcelcarcinoom preauriculair rechts: centraal lokalisatie van een macroscopisch 2 cm groot nodulair en deels micronodulair groeiend basaalcelcarcinoom tot in de diepere dermis. Naast gelegen litteken. Snijranden vrij. Marge naar de dichtstbijzijnde snijrand 2 mm, marge naar de basis 3 mm.
Gold standard: huid oor rechts excisie basaalcelcarcinoom recidief 'sneevlak vrij'
mT5-small: huid preauriculair r ec hts excisie basaalcelcarcinoom'snijvlak vrij'
mT5-base: huid preauriculair r ec hts excisie basaalcelcarcinoom'snijvlak vrij'
flan-t5-small: huid preauriculair rechts excisie basaalcelcarcinoom'snijvlak vrij '
flan-t5-base: huid excisie basaalcelcarcinoom
----------------------------------------------------------------------------------------------------
Input text: Rectumbiopten: chronisch actieve ontsteking en ulceratie. Het beeld zou kunnen passen het kader van een solitair rectum ulcus syndroom. Geen maligniteit.
Gold standard: rectum biopt 'geen maligniteit' ulcus
mT5-small: rectum biopt ontsteking
mT5-base: rectum biopt ontsteking
flan-t5-small: rectum biopt'chronisch actieve ontsteking'ulcus
flan-t5-base: rectum biopt'chronisch actieve ontsteking '
----------------------------------------------------------------------------------------------------
Input text: Oncoplastische mammareductie rechts: vooralsnog geen aanwijzingen voor (pre) maligniteit. Extra materiaal zal worden ingesloten. Bericht volgt.[CRLF]Aanvulling 21/6/23: Aanvullend onderzoek biedt geen nieuwe inzichten, derhalve bovenstaande conclusie ongewijzigd.
Gold standard: mamma rechts excisie 'geen maligniteit'
mT5-small: mamma r ec hts cytologie 'g een maligniteit '
mT5-base: mamma r ec hts cytologie 'g een maligniteit '
flan-t5-small: mamma rechts excisie'geen maligniteit '
flan-t5-base: mamma rechts excisie'geen maligniteit '
----------------------------------------------------------------------------------------------------
Input text: Stansbiopt bovenbeen rechts, ventraal, met spongiotische dermatitis, best passend bij eczeem.
Gold standard: huid bovenbeen rechts biopt eczeem
mT5-small: huid bovenbeen r ec hts biopt eczeem
mT5-base: huid bovenbeen r ec hts biopt eczeem
flan-t5-small: huid been rechts biopt eczeem
flan-t5-base: huid been rechts biopt eczeem
----------------------------------------------------------------------------------------------------
Input text: Resectie aorta ascendens: geen aanwijzingen voor bindweefsel pathologie of specifieke aortitis.
Gold standard: aorta resectie degeneratie
mT5-small: aorta resectie 'g een afwijking '
mT5-base: aorta resectie 'g een afwijking '
flan-t5-small: ' aorta ascendens'resectie'geen afwijking '
flan-t5-base: aorta resectie'geen afwijking '
----------------------------------------------------------------------------------------------------
Input text: Huidbiopt linker jukbeen: sprieterig groeiend basaalcelcarcinoom reikend tot op [CRLF]tweederde van de diepte van het biopt.
Gold standard: huid biopt basaalcelcarcinoom
mT5-small: huid gelaat links biopt basaalcelcarcinoom
mT5-base: huid gelaat links biopt basaalcelcarcinoom
flan-t5-small: huid gelaat links biopt basaalcelcarcinoom
flan-t5-base: huid biopt basaalcelcarcinoom
----------------------------------------------------------------------------------------------------
Input text: Huidexcisie uit de nek toont een zeldzaam benigne huidadnextumortje te benoemen als een trichofolliculoom.
Gold standard: huid biopt trichofolliculoom onderwijs
mT5-small: huid nek excisie hemangioom
mT5-base: huid nek excisie hemangioom
flan-t5-small: huid excisie verruca
flan-t5-base: huid excisie nevus
----------------------------------------------------------------------------------------------------
Input text: I t/m III: huid biopten lumbaal dorsaal, been / voet rechts en onderbeen rechts: milde oppervlakkige perivasculaire dermatitis met eosinofiele granulocyten. In eerste instantie kan worden gedacht aan geneesmiddelen reactie of urticaria. Beeld past niet bij een toxische epidermale necrolyse.
Gold standard: huid rug voet rechts biopt ontsteking
mT5-small: huid biopt reactief
mT5-base: huid biopt reactief
flan-t5-small: huid biopt dermatitis
flan-t5-base: huid biopt dermatitis
----------------------------------------------------------------------------------------------------
Input text: Galblaasresectie: uitgebreide chronisch fibroserende ontsteking met pseudopoliepvorming met stenen. Geen aanwijzingen voor dysplasie of maligniteit.
Gold standard: galblaas resectie ontsteking steen
mT5-small: galblaas resectie ontsteking fibrose
mT5-base: galblaas resectie ontsteking fibrose
flan-t5-small: galblaas resectie ontsteking
flan-t5-base: galblaas resectie ontsteking
----------------------------------------------------------------------------------------------------
Input text: Huidexcisie pols rechts: epidermale cyste.
Gold standard: huid pols rechts excisie 'epidermale cyste'
mT5-small: huid excisie'epidermale cyste '
mT5-base: huid excisie'epidermale cyste '
flan-t5-small: huid pols rechts excisie'epidermale cyste '
flan-t5-base: huid pols rechts excisie'epidermale cyste '
----------------------------------------------------------------------------------------------------
Input text: Resectie lichaam (geen locatie benoemd): chronisch ontstoken verruca seborrhoica, hyperkeratotisch subtype.
Gold standard: lichaam resectie ontsteking 'verruca seborrhoica'
mT5-small: lich aa m excisie'verruca seborrhoica '
mT5-base: lich aa m excisie'verruca seborrhoica '
flan-t5-small: huid excisie'verruca seborrhoica '
flan-t5-base: ' dunne darm'resectie'verruca seborrhoica '
----------------------------------------------------------------------------------------------------
Input text: Poliep cervix: Endocervicale poliep met enige chronische ontsteking. Geen dysplasie.
Gold standard: cervix biopt 'geen maligniteit' poliep
mT5-small: cervix biopt 'g een maligniteit'poliep
mT5-base: cervix biopt 'g een maligniteit'poliep
flan-t5-small: cervix excisie poliep
flan-t5-base: cervix excisie poliep
----------------------------------------------------------------------------------------------------
Input text: Spoeling anterieure rechter bovenkwab: geringe atypie, maar geen maligniteit.[CRLF]Zie voor het overige gelijktijdig ingezonden materiaal het nummer vermeld onder de klinische gegevens
Gold standard: 'bovenkwab long' rechts spoeling 'geen maligniteit' atypie
mT5-small: long spoeling 'g een maligniteit '
mT5-base: long spoeling 'g een maligniteit '
flan-t5-small: long rechts spoeling'geen maligniteit '
flan-t5-base: long spoeling atypie
----------------------------------------------------------------------------------------------------
Input text: Huid re-excisie voorhoofd rechts: litteken en reactieve veranderingen na eerdere ingreep. Geen rest maligniteit.
Gold standard: huid gelaat re-excisie 'geen maligniteit'
mT5-small: huid hoofd r ec hts re- excisie 'g een maligniteit '
mT5-base: huid hoofd r ec hts re- excisie 'g een maligniteit '
flan-t5-small: huid voorhoofd rechts reexcisie litteken'geen maligniteit '
flan-t5-base: huid voorhoofd rechts excisie litteken
----------------------------------------------------------------------------------------------------
Input text: Excisie uit mamma rechts 8 uur: chronisch deels actieve ontsteking. Voorlopig geen bewijs voor maligniteit. Definitief bericht volgt na aanvullende kleuringen.[CRLF]AANVULLENDE d.d. 25/02/2013: ongewijzigd
Gold standard: mamma rechts excisie 'chronisch actieve ontsteking'
mT5-small: mamma r ec hts excisie ontsteking
mT5-base: mamma r ec hts excisie ontsteking
flan-t5-small: mamma rechts excisie ontsteking
flan-t5-base: mamma rechts excisie ontsteking
----------------------------------------------------------------------------------------------------
Input text: Huid excisie laesie digitale 3 linker hand: chronische actieve deels abcederende ontsteking mogelijk op basis van een epitheliale cyste. Geen maligniteit.
Gold standard: huid vinger links excisie ontsteking
mT5-small: huid hand links excisie ontsteking
mT5-base: huid hand links excisie ontsteking
flan-t5-small: huid excisie ontsteking
flan-t5-base: huid excisie ontsteking
----------------------------------------------------------------------------------------------------
Input text: Galblaas met ontstekingsrest.
Gold standard: galblaas resectie ontstekingsrest cholelithiasis
mT5-small: galblaas resectie ontstekingsrest
mT5-base: galblaas resectie ontstekingsrest
flan-t5-small: galblaas resectie ontstekingsrest
flan-t5-base: galblaas resectie lithiasis
----------------------------------------------------------------------------------------------------
Input text: Cytologische punctie echoarm focus pancreas: forse actieve/purulente ontsteking. In dit materiaal geen aanwijzingen voor maligniteit, echter ook geen evident (pancreas) epitheel aangetroffen. Is het punctaat representatief?
Gold standard: pancreas punctie ontsteking
mT5-small: pancreas punctie ontsteking
mT5-base: pancreas punctie ontsteking
flan-t5-small: pancreas punctie ontsteking
flan-t5-base: pancreas punctie'actieve ontsteking'' geen maligniteit '
----------------------------------------------------------------------------------------------------
Input text: Cytologische uitstrijk mamma rechts: benigne, celbeeld kan passen bij ductitus/ductectasie. (B).
Gold standard: mamma tepel rechts uitstrijk ductectasie 'punctie klinicus' bespreking
mT5-small: mamma r ec hts punctie benigne 'g een maligniteit '
mT5-base: mamma r ec hts punctie benigne 'g een maligniteit '
flan-t5-small: mamma rechts cytologie cyste
flan-t5-base: mamma rechts cytologie'geen maligniteit '
----------------------------------------------------------------------------------------------------
Input text: Huidbiopt linker tongrand: ontsteking met epitheliale veranderingen passend bij geringe dysplasie.[CRLF]12-11-13/mw. drs. S. ter Borg/stb
Gold standard: slijmvlies tong biopt 'geringe dysplasie'
mT5-small: huid tong biopt 'geringe dysplasie '
mT5-base: huid tong biopt 'geringe dysplasie '
flan-t5-small: huid slijmvlies biopt ontsteking
flan-t5-base: huid biopt ontsteking'geringe dysplasie '
----------------------------------------------------------------------------------------------------
Input text: Huidexcisie linkeronderbeen: dermale spitz nevus. De snijranden zijn vrij.
Gold standard: huid been links excisie 'spitz nevus'
mT5-small: huid excisie nevus
mT5-base: huid excisie nevus
flan-t5-small: huid been links excisie'naevus naevocellularis '
flan-t5-base: huid been links excisie'intradermale nevus '
----------------------------------------------------------------------------------------------------
Input text: Huidexcisie buik links: verruca seborrhoica.
Gold standard: huid excisie 'verruca seborrhoica'
mT5-small: huid buik links excisie'verruca seborrhoica '
mT5-base: huid buik links excisie'verruca seborrhoica '
flan-t5-small: huid buik links excisie'verruca seborrhoica '
flan-t5-base: huid buik links excisie'verruca seborrhoica '
----------------------------------------------------------------------------------------------------
Input text: EBUS mediastinale lymfklier station 7: lokalisatie van het bekende niet kleincellige carcinoom.[CRLF]N.B.: Gezien de zeer geringe hoeveelheid materiaal zal het mutatie onderzoek worden uit besteed.[CRLF]CONCLUSIE ******* MC. ******* 08.09.2020 (H2020-18829, LMS 5972):[CRLF]Mutatie(s) gevonden in genen van interesse: MET exon 14: c.3028G>C; p.? (MET exon 14 skipping mutatie)[CRLF]Geen mutaties gevonden in genen van interesse: BRAF, EGFR, HER2, KRAS[CRLF]Mutatie(s) gevonden in overige genen: geen[CRLF]Variant(en) van onbekende significantie in overige genen: DDR2 exon 14: c.1712_1714del; p.E571del, RET[CRLF]exon 11: c.1894G>A; p.E632K, ERBB3 exon 10: c.1162C>T; p.R388W[CRLF]Overige afwijkingen: aanwezigheid van een amplificatie van MDM2 en aanwezigheid van een amplificatie van[CRLF]CDK4[CRLF]Vanwege dit resultaat zal geen translocatie en amplificatie onderzoek worden uitgevoerd.
Gold standard: lymfklier mediastinum cytologie 'niet-kleincellig carcinoom' bespreking [C-SEP] lymfklier cytologie 'niet kleincellig carcinoom' 'consult extern concordant'
mT5-small: lymfklier mediastinum punctie'metastase niet kleincellig carcinoom'long
mT5-base: lymfklier mediastinum punctie'metastase niet kleincellig carcinoom'long
flan-t5-small: lymfklier mediastinum'punctie klinicus'' metastase carcinoom'long 'consult extern'' moleculaire diagnostiek '
flan-t5-base: lymfklier mediastinum punctie'metastase carcinoom'long'moleculaire diagnostiek '
----------------------------------------------------------------------------------------------------
Input text: lymfeklierpunctie lies links: geen maligniteit.
Gold standard: lymfklier lies links punctie 'geen maligniteit' reactief
mT5-small: lymfe klier lies links punctie 'g een maligniteit '
mT5-base: lymfe klier lies links punctie 'g een maligniteit '
flan-t5-small: lymfklier lies links punctie'geen maligniteit '
flan-t5-base: lymfe klier lies links punctie'geen maligniteit '
----------------------------------------------------------------------------------------------------
Input text: I tot met 4 4 prostaatnaaldbiopten links geen maligniteit.[CRLF]II vier prostaat biopten rechts geen maligniteit.[CRLF]26-08-15/Mw. *******/hv
Gold standard: prostaat biopt 'geen maligniteit'
mT5-small: prostaat biopt 'g een maligniteit '
mT5-base: prostaat biopt 'g een maligniteit '
flan-t5-small: prostaat biopt'geen maligniteit '
flan-t5-base: prostaat biopt'geen maligniteit '
----------------------------------------------------------------------------------------------------
Input text: Pipelle endometrium: geringe hoeveelheid endometriumslijmvlies met tekenen van vroege secretie. Geen hyperplasie. Geen maligniteit.
Gold standard: endometrium pipelle 'geen maligniteit'
mT5-small: endometrium pipelle 'g een maligniteit '
mT5-base: endometrium pipelle 'g een maligniteit '
flan-t5-small: endometrium biopt'geen maligniteit '
flan-t5-base: endometrium pipelle'geen maligniteit '
----------------------------------------------------------------------------------------------------
Input text: Urine: geen afwijkingen.
Gold standard: urine 'geen maligniteit'
mT5-small: urine 'g een maligniteit '
mT5-base: urine 'g een maligniteit '
flan-t5-small: urine'geen maligniteit '
flan-t5-base: urine'geen maligniteit '
----------------------------------------------------------------------------------------------------
Input text: Huidexcisie nek: celrijk dermatofibroom, zeer waarschijnlijk volledig verwijderd, maar waarbij niet alle resectievlakken optimaal in beeld zijn voor een zekere uitspraak over radicaliteit; geen maligniteit.
Gold standard: nek excisie dermatofibroom
mT5-small: huid nek excisie dermatofibroom
mT5-base: huid nek excisie dermatofibroom
flan-t5-small: huid nek excisie dermatofibroom
flan-t5-base: huid nek excisie dermatofibroom
----------------------------------------------------------------------------------------------------
Input text: Hoog risico HPV is aanwezig.[CRLF]Deze HPV uitslag dient te worden verwerkt in bijbehorende cytologisch onderzoek.
Gold standard: cervix uitstrijk 'h.p.v. hoog risico type positief' 'consult ten behoeve van derden'
mT5-small: cervix uitstrijk'h.p.v. hoog risico type positief''consult ten behoeve van derden '
mT5-base: cervix uitstrijk'h.p.v. hoog risico type positief''consult ten behoeve van derden '
flan-t5-small: cervix uitstrijk'h.p.v. hoog risico type positief''consult te n behoeve van derden '
flan-t5-base: cervix uitstrijk'h.p.v. hoog risico type positief''consult te n behoeve van derden '
----------------------------------------------------------------------------------------------------
Input text: Brush ductus choledochus: galpigment met wat groepjes ductepitheel met enige atypie, geduid als reactief; onvoldoende aanwijzingen maligniteit.
Gold standard: 'extrahepatische galweg' brush reactief
mT5-small: ' ductus choledochus'cytologie atypie
mT5-base: ' ductus choledochus'cytologie atypie
flan-t5-small: ' ductus choledochus'brush reactief'geen maligniteit '
flan-t5-base: ' ductus choledochus'brush atypie'geen zekere diagnose '
----------------------------------------------------------------------------------------------------

JOB STATISTICS
==============
Job ID: 5112141
Cluster: snellius
User/Group: msiepel/msiepel
State: RUNNING
Nodes: 1
Cores per node: 18
CPU Utilized: 00:22:09
CPU Efficiency: 62.04% of 00:35:42 core-walltime
Job Wall-clock time: 00:01:59
Memory Utilized: 10.03 GB
Memory Efficiency: 25.67% of 39.06 GB
WARNING: Efficiency statistics may be misleading for RUNNING jobs.
