You are using the default legacy behaviour of the <class 'transformers.models.t5.tokenization_t5.T5Tokenizer'>. This is expected, and simply means that the `legacy` (previous) behavior will be used so nothing changes for you. If you want to use the new behaviour, set `legacy=False`. This should only be set if you understand what it means, and thouroughly read the reason why this was added as explained in https://github.com/huggingface/transformers/pull/24565
Input text: Excisie (tongrand links): geringe hyperplasie van het plaveiselepitheel met geringe focaal actieve chronische ontsteking. Geen dysplasie. Geen schimmels aantoonbaar.
Gold standard: tong excisie ontsteking
Custom tokenizer: slijmvlies neus excisie hyperplasie ontstekinghyperplasie
Default tokenizer: ' glandula submandibularis'excisie'granulerende ontsteking'' granulerende ontsteking'' revisie extern concordant '
----------------------------------------------------------------------------------------------------
Input text: Shave-excisie duim links: verruca vulgaris.
Gold standard: huid duim links shave-excisie 'verruca vulgaris'
Custom tokenizer: huid excisie'verruca vulgaris''
Default tokenizer: ' dunne darm'excisie 'g een maligniteit''izai afwijking '
----------------------------------------------------------------------------------------------------
Input text: Excisie zwelling onderarm rechts: angiolipoom.
Gold standard: onderarm excisie angiolipoom
Custom tokenizer: subcutis excisie angiolipoommaalp
Default tokenizer: huid excisie'naevus naevocellularis'' resectievlak niet気味'' resectievlak niet zanie' 'g een maligniteit''
----------------------------------------------------------------------------------------------------
Input text: Huidexcisie rug waarin intradermale naevus naevocellularis papillomatosus. Geen maligniteit of dysplasie.
Gold standard: huid rug excisie naevus
Custom tokenizer: huid rug excisie 'naevus naevocellularis'''excisie''
Default tokenizer: ' dunne darm'excisie 'ובת weefsel''步行''קרוב'' mediale သွား''
----------------------------------------------------------------------------------------------------
Input text: Incisiebiopt conjunctiva rechts: lokalisatie indolent, kleincellig B-cel non-Hodgkin lymfoom, mogelijk een extranodaal marginale zone lymfoom. Definitieve classificatie volgt na consult extern, u ontvangt nader bericht.[CRLF]08-06-22: consult *******:[CRLF]Conclusie: Incisiebiopt conjunctiva rechts (casus ter consult *******, T22-14728): lokalisatie laaggradig B-cel non-Hodgkinlymfoom, te classificeren als extranodaal marginale zone B-cellymfoom (MALT-lymfoom).
Gold standard: oog rechts 'incisie biopt' 'b-cel lymfoom' 'consult extern'
Custom tokenizer: conjunctiva rechts biopt'maligne lymfoom' 'consult extern' 'consult extern''
Default tokenizer: 'δρομ ascendens'biopt'inflammatoire pseudotumor'' hooggradige dysplasie '
----------------------------------------------------------------------------------------------------
Input text: Cholecystectomie: gering chronische ontsteking en reactieve veranderingen. Geen dysplasie of maligniteit.
Gold standard: galblaas resectie ontsteking reactief
Custom tokenizer: galblaas resectie ontsteking
Default tokenizer: ' dunne'slijmvlies'excisie '子供たち seborrhoica'' laaggradige dysplasie '
----------------------------------------------------------------------------------------------------
Input text: Huidexcisie knie links waarin een dermatofibroom. Geen maligniteit.
Gold standard: huid knie links excisie dermatofibroom
Custom tokenizer: huid excisie dermatofibroom
Default tokenizer: huid biopt 'g een diag nose '
----------------------------------------------------------------------------------------------------
Input text: Excisie huid, subcutis en weke delen hoofd: goed tot matig gedifferentieerd verhoornend plaveiselcelcarcinoom. Resectievlakken vrij. Geen vaso-invasieve of perineurale groei.[CRLF]07-11-13/*******/lc
Gold standard: huid subcutis hoofd excisie plaveiselcelcarcinoom
Custom tokenizer: huid hoofd excisie plaveiselcelcarcinoomcarcinoomcarcinoomcarcinoomcarcinoommaal
Default tokenizer: ' dunne darm'excisie'reactieve verandering'
----------------------------------------------------------------------------------------------------
Input text: Huidbiopt neusvleugel rechts: basaalcelcarcinoom met solide groeiwijze.
Gold standard: huid neus rechts biopt basaalcelcarcinoom
Custom tokenizer: huid neus rechts biopt basaalcelcarcinoomcarcinoomcarcinoomcarcinoom
Default tokenizer: ' dunne darm'biopt'chronische ontsteking'' Candi'' laaggradige dysplasie'' morbus crohn '
----------------------------------------------------------------------------------------------------
Input text: Huid en subcutis excisie linker schouder regio waarin klein centraal gelegen deels nodulair, deels meer sprieterig groeiend basocellulair carcinoom. Randen ruim vrij.
Gold standard: huid schouder links excisie 'basocellulair carcinoom'
Custom tokenizer: huid excisie basaalcelcarcinoomcarcinoomcarcinoomcarcinoom
Default tokenizer: 'weke delen''lokalisatie onbekend'' partiele resectie''g een спод'' vriescoupe concordant '
----------------------------------------------------------------------------------------------------
Input text: Revisie t.b.v. derden (PA-lab *******, PA-nummer T18-28554), concordant:[CRLF]Levernaaldbiopt waarin een hepatocellulair carcinoom.[CRLF]Coupes onder dank retour.
Gold standard: lever biopt 'hepatocellulair carcinoom' 'revisie ten behoeve van derden concordant'
Custom tokenizer: lever biopt 'hepa''revisie ten behoeve van derden concordant''immuun'
Default tokenizer: ' slijmvlies anus'biopt'inflammatoire papilloom'' inflammatoire darmziekte''g een diag nose '
----------------------------------------------------------------------------------------------------
Input text: huidbiopt linkerzijde gelaat: behoudens enkele teleangiectasieen in de achtergrond van enige zonbeschadiging worden geen overige afwijkingen gezien. Mogelijk is de rash te verklaren door secundaire teleangiectasieen zoals voor kunnen komen in de zonbeschadigde huid.
Gold standard: huid gelaat biopt teleangiectasie
Custom tokenizer: huid gelaat biopt teleangiectasief
Default tokenizer: 'plica vocalis'' zijdigheid onbekend'' zijdigheid onbekend'biopt 'スニーカーлеты'' bulleus pemphigoid '
----------------------------------------------------------------------------------------------------
Input text: I: huidbiopt rechter arm boven: keratosis actinica met excoriatie. Geen maligniteit aangetoond.[CRLF]II: huidbiopt rechter arm onder: solaire elastosis. Geen maligniteit aangetoond.[CRLF]III: huidbiopt linker arm: lichanoide dermatisis. Geen maligniteit aangetoond.
Gold standard: huid arm rechts links biopt ontsteking 'keratosis actinica'
Custom tokenizer: huid biopt 'keratosis actinica'' [C-SEP] huid biopt 'geen maligniteit'''
Default tokenizer: 'weke delen' biopt'metastase'' primaire tumor onbekend''сочи glomerulonefritis'' primaire tumor onbekend 
----------------------------------------------------------------------------------------------------
Input text: Huidexcisie (nek) met een verruca seborrhoica.
Gold standard: huid been excisie 'verruca seborrhoica'
Custom tokenizer: huid nek excisie'verruca seborrhoica'carcinoom type' type'
Default tokenizer: ' slijmvlies'palatum'biopt'chronisch actieve ontsteking '
----------------------------------------------------------------------------------------------------
Input text: Uterus (resectie in verband met menorragie): Atrofie van het endometrium focaal met (pseudo) decidualisatie van het endometriumstroma. Voorts ter hoogte van de endocervix afwijkingen die passen bij geringe dysplasie focaal met koilocytose. De afwijkingen zijn geheel verwijderd. Onderzoek op HPV volgt nog.[CRLF]Zie aanvullend onderzoek.
Gold standard: uterus resectie endometrium atrofie [C-SEP] cervix resectie 'geringe dysplasie'
Custom tokenizer: endometrium resectie 'geen maligniteit'
Default tokenizer: ' sinus maxillaris'excisie 'g een maligniteit'' granulerende ontsteking '
----------------------------------------------------------------------------------------------------
Input text: conclusie[CRLF]Biopt hersenvlies rechts frontaal: dura met focaal lokalisatie van [CRLF]meningotheliaal meningeoom, mogelijk gelegen in vasculaire ruimten, beeld kan [CRLF]passen bij meningeomatose. In dit biopt geen argumenten voor lymfoom of [CRLF]metastase van elders. In dit materiaal geen aanwijzingen voor schimmels.
Gold standard: dura biopt meningeoom 'intern consult'
Custom tokenizer: 'weke delen' frontaal rechts biopt meningeoom'
Default tokenizer: ' dunne darm'biopt'chronische ontsteking''갖 hepatitis''SOUND ncontinen cirrose'' revisie
----------------------------------------------------------------------------------------------------
Input text: Slijmvliesbiopt vestibulum nasi rechts: polypoid slijmvlies met squameus metaplastisch epitheel en ontsteking. Geen aanwijzingen voor premaligniteit. ******* niet aantoonbaar.
Gold standard: slijmvlies neus biopt 'reactieve veranderingen' 'consult intern' 'consult concordant'
Custom tokenizer: slijmvlies neus rechts biopt ontsteking
Default tokenizer: ' dunne darm'excisie 'g een afwijking''իքariko'' chronische ontsteking '
----------------------------------------------------------------------------------------------------
Input text: Maagbiopten: reactieve gastropathie en gering chronische ontsteking. Geen intestinale metaplasie, dysplasie of maligniteit. Een Helicobacter pylori kleuring volgt, hierover aanvullend bericht.[CRLF]Aanvulling d.d. 18/04/22:[CRLF]Een Helicobacter pylori kleuring is negatief.
Gold standard: maag biopt reactief ontsteking
Custom tokenizer: maag biopt reactief endocervixCSEP] maag biopt 'chronische ontsteking'
Default tokenizer: 'weke delen' biopt'chronisch myeloproliferatief proces''inflammatoire darmziekte''diag nose onzeker '
----------------------------------------------------------------------------------------------------
Input text: Excisie mamma rechts ter plaatse van abces: chronisch actieve ontsteking, zonder granuloomvorming. Geen micro-organismen aantoonbaar. Geen maligniteit.[CRLF]11-02-16/Mw. *******/ao
Gold standard: 'weke delen' mamma rechts excisie 'chronisch actieve ontsteking'
Custom tokenizer: mamma rechts excisie ontsteking
Default tokenizer: 'weke delen''topografie onbekend'biopt'sinus etmoidalis'' sessiel serrated 通行''diag nose
----------------------------------------------------------------------------------------------------
Input text: Biopten proces sigmoid 20-25 cm ab ano: goed gedifferentieerd adenocarcinoom.
Gold standard: colon biopt adenocarcinoom
Custom tokenizer: sigmoid biopt adenocarcinoomimmuunperoxidase
Default tokenizer: huid biopt'actinische beschadiging '
----------------------------------------------------------------------------------------------------
Input text: Huidbiopt peri-anaal (8 uur) waarin subtiele virale kenmerken passend bij een condyloma accuminatum.
Gold standard: huid anus biopt 'condyloma acuminatum'
Custom tokenizer: huid biopt 'condyloma acuminatum'e'
Default tokenizer: ' dunne darm'' partiele resectie'' actieve ontsteking'' actieve ontsteking'' actieve ontsteking '
----------------------------------------------------------------------------------------------------
Input text: Huidexcisie thorax ventraal: dermale naevus naevocellularis (2x).
Gold standard: huid thorax excisie 'dermale naevus' 2maal
Custom tokenizer: huid excisie naevus
Default tokenizer: huid'topografie さに'' actieve ontsteking'' purulente ontsteking'' purulente нушはやはり'' purulente ontsteking 
----------------------------------------------------------------------------------------------------
Input text: TURblaas: laaggradig papillair urotheelcelcarcinoom graad 2 zonder invasieve groei. Muscularis detrusor aanwezig.[CRLF]pTaG2
Gold standard: blaas endoresectie 'papillair urotheelcelcarcinoom graad 2'
Custom tokenizer: blaas excisie 'papillair urotheelcelcarcinoom'maalin'
Default tokenizer: huid biopt 'g een maligniteit'' cornu cutaneum'' revisie extern concordant '
----------------------------------------------------------------------------------------------------
Input text: Huidbiopt onderbeen links: beeld zou kunnen passen bij eczeem. [CRLF]De stase component is niet erg opvallend.
Gold standard: huid biopt been links eczeem
Custom tokenizer: huid been links biopt eczeemcarcinoomcarcinoomeffect
Default tokenizer: anus biopt 'g een maligniteit'' inflammatoire нафт''tagдже''g een zekere diag nose '
----------------------------------------------------------------------------------------------------
Input text: Huidexcisie laesie linker flank: voorkeur voor deels monoclonale variant van een verruca seborrhoica.[CRLF]07-09-15/KSF/JBE
Gold standard: huid flank links excisie 'verruca seborrhoica'
Custom tokenizer: huid flank links excisie'verruca seborrhoica''
Default tokenizer: ' dunne darm'biopt'corpus ражен'' inflammatoire pseudotumor''diag nose onzeker''ισιாறு
----------------------------------------------------------------------------------------------------
Input text: Tubectomie links: chronische salpingitis.[CRLF]II: tubectomie rechts: chronisch focaal actieve salpingitis.
Gold standard: tuba rechts links resectie ontsteking
Custom tokenizer: tuba links rechts excisie 'chronische ontsteking' implantatieoha
Default tokenizer: ' dunne darm'excisie 'g een afwijking '
----------------------------------------------------------------------------------------------------
Input text: Biopten rechter mamma: beeld vooralsnog passend bij mastopathie (adenose, apocriene metaplasie en hyperplasie) immuunhistochemische bevestiging volgt.[CRLF]Aanvulling d.d. 01-05-17:[CRLF]Aanvullend immuunhistochemisch onderzoek ondersteunt bovenstaande diagnose. Geen maligniteit.
Gold standard: mamma rechts biopt mastopathie
Custom tokenizer: mamma rechts biopt mastopathie
Default tokenizer: ' sinus maxillaris'biopt'chronische ontsteking'' inflammatoire darmziekte'' inflammatoire darmziekte'' revisie extern concordant 
----------------------------------------------------------------------------------------------------
Input text: **LET OP! GEWIJZIGDE CONCLUSIE**[CRLF]Speekselklier biopt onderlip: waarin focaal een lymfoplasmacellualir infiltraat met geringe fibrose, waarij de voorkeur uitgaat naar chronische ontsteking.
Gold standard: speekselklier biopt 'morbus sjogren'
Custom tokenizer: lip biopt ontsteking
Default tokenizer: ' sinus 底'biopt'inflammatoire мбар''közeléről'' inflammatoire darmziekte '
----------------------------------------------------------------------------------------------------
Input text: Mammabiopt (retromammillair links): geen maligniteit.[CRLF]Aanvulling: n.a.v. MDO werd het materiaal alsnog dieper ingesneden. Hierbij voorkomen van veel meer calcificaties in het klierweefsel met cilindercel veranderingen. Geen maligniteit.
Gold standard: mamma links biopt 'geen maligniteit'
Custom tokenizer: mamma links biopt 'geen maligniteit''inn'
Default tokenizer: ' dunne darm'biopt'chronisch actieve ontsteking'' hooggradige dysplasie '
----------------------------------------------------------------------------------------------------
Input text: Biopt huid onderarm rechts: lichenoide (grensvlak) dermatitis met spongiotische component. Het beeld kan passen bij een foto-toxische (of eventueel een foto-allergische) reactie waarbij het onderscheid met toxicodermie histomorfologisch niet goed gemaakt kan worden.[CRLF]21-10-14/*******/lc
Gold standard: huid arm rechts biopt 'lichenoide ontsteking'
Custom tokenizer: huid arm rechts biopt dermatitis toxicodermie eczeem toxicodermie.
Default tokenizer: ' sinus piriformis'' zijdigheid onbekend'biopt'inflammatoire اسك'' actieve ontsteking'' inflammatoire darmziekte '
----------------------------------------------------------------------------------------------------
Input text: Huidstukje afkomstig van de hoofdhuid met het beeld van een actinische keratose met lichte atypie. Het biopt werd op verscheidene niveau's onderzocht, geen plaveiselcel- of basaalcelcarcinoom aangetoond. Centraal is er excoreatie waarschijnlijk t.g.v. krabben.
Gold standard: huid hoofd biopt 'keratosis actinica' 'lichte atypie'
Custom tokenizer: huid biopt 'keratosis actinica' 'lichte atypie' hoofd.'..'carcinoomcarcinoom type'
Default tokenizer: 'weke delen''arteria pulmonalis'excisie'synoviale multiforme''anjang ei sel ei''onarogusa
----------------------------------------------------------------------------------------------------
Input text: Biopten long rechter onderkwab: gering verbrede septa door met name ontstekingscelletjes, geen duidelijke fibrotische veranderingen. In een enkel alveolair septum enig fibrine met reactie van fibroblasten als teken van alveolaire schade. De afwijkingen zijn niet specifiek voor bepaalde etiologie.
Gold standard: long biopt ontsteking
Custom tokenizer: long rechts biopt 'geen maligniteit''
Default tokenizer: 'weke delen' wang'zijdigheid onbekend'biopt'solitaire glomerulonefritis'' revisie extern concordant''plica ei
----------------------------------------------------------------------------------------------------
Input text: Hoog risico HPV is afwezig.[CRLF]Deze HPV uitslag dient te worden verwerkt in bijbehorende cytologisch onderzoek.
Gold standard: cervix uitstrijk 'h.p.v. hoog risico type negatief' 'consult ten behoeve van derden'
Custom tokenizer: cervix uitstrijk 'h.p.v. hoog risico type negatief' 'consult ten behoeve van derden''
Default tokenizer: 'weke delen' biopt'reactieve verandering'
----------------------------------------------------------------------------------------------------
Input text: conclusie[CRLF]Huidbiopt links frontaal mediaal (klinisch 3): lentigo maligna met in de dermis [CRLF]verlittekening met hierin dermale celnesten die verdwijnen in de diepere [CRLF]doorsnijdingen; te beschouwen als lentigo maligna melanoom met tekens van [CRLF]regressie, Breslow-dikte 0,61A mm. Geen dermale mitosefiguren, geen epidermale [CRLF]ulceratie, geen (lymf) angio-invasieve groei.
Gold standard: huid frontaal links biopt 'lentigo maligna' 'lentigo maligna melanoom' panel
Custom tokenizer: huid frontaal links biopt 'lentigo maligna' 'geen zekere diagnose'C-SEP] huid frontaal links biopt 'lentigo maligna melanoom'
Default tokenizer: 'weke delen' kaak excisie'Banyn''granulerende ontsteking'' SJ matig '
----------------------------------------------------------------------------------------------------
Input text: Conclusie: Papklasse 1. Hoog risico HPV negatief.[CRLF]Advies: De vrouw kan terug naar de cyclus van het bevolkingsonderzoek. Voorlopig zijn er geen afwijkingen van betekenis te verwachten.
Gold standard: cervix uitstrijk 'geen afwijking' 'humaan papillomavirus test' 'h.p.v. negatief'
Custom tokenizer: cervix uitstrijk 'geen afwijking' 'humaan papillomavirus test' 'h.p.v. negatief' negatief'C-SEP]
Default tokenizer: ' dunne darm'' partiele resectie'' reactieve verandering'
----------------------------------------------------------------------------------------------------
Input text: Urine: Geen maligniteit.
Gold standard: urine 'geen maligniteit'
Custom tokenizer: urine 'geen maligniteit''
Default tokenizer: ' dunne darm'' dunne darm'' dunne darm'biopt'chronische ontsteking'' helicobacter pylori '
----------------------------------------------------------------------------------------------------
Input text: Bronchuscytologie links: geen maligne cellen. Geringe ontsteking.[CRLF]Zie ook C17-8271 en C17-8272.
Gold standard: long links spoeling 'pap 2' 'geen maligniteit'
Custom tokenizer: long spoeling 'pap 2' 'geen maligniteit' 'pap 2' virus'-SEP] long spoeling
Default tokenizer: ' sinus piriformis''os pubis'biopt'actieve ontsteking'' inflammatoire ーション'' hooggradige dysplasie 
----------------------------------------------------------------------------------------------------
Input text: I, II huidbiopt rug: blue naevus.
Gold standard: huid rug biopt 'blue naevus'
Custom tokenizer: huid rug biopt 'blauwe naevus'maalhyperplasie'e
Default tokenizer: ' sinus maxillaris'' actieve ontsteking'' actieve ontsteking'' actieve ontsteking'' revisie intern '
----------------------------------------------------------------------------------------------------
Input text: Samengestelde blauwe naevus naevocellularis.
Gold standard: huid excisie 'blue naevus'
Custom tokenizer: huid excisie 'naevus naevocellularis'''Csamengestelde'
Default tokenizer: ' sinus pilonidalis'' sinus pilonidalis'' granit'resectie'hyperkeratotisch papilloom'' hyperkeratotisch lichenoide '
----------------------------------------------------------------------------------------------------
Input text: Galblaasresectie: galblaas zonder afwijkingen, geen maligniteit.
Gold standard: galblaas resectie 'geen afwijking'
Custom tokenizer: galblaas resectie 'geen maligniteit'ilil'i
Default tokenizer: ' extrahepatische galweg'' zijdigheid onbekend'' zijdigheid onbekend'' partiele resectie'' verruca seborrhoica '
----------------------------------------------------------------------------------------------------
Input text: Hart biopten: geringe rejectie, graad 1r.
Gold standard: hart biopt 'geen diagnose'
Custom tokenizer: cervix biopt rejectie
Default tokenizer: huid excisie'Uj n' 'g een afwijking '
----------------------------------------------------------------------------------------------------
Input text: Pipelle endometrium: ten minste atypische hyperplasie van het endometrium, het beeld is verdacht voor een laaggradig endometrioid adenocarcinoom. In dit materiaal geen aanwijzingen voor een HPV-gemedieerde laesie.
Gold standard: endometrium pipelle 'endometrioid adenocarcinoom'
Custom tokenizer: endometrium biopt 'geen maligniteit' atypie'
Default tokenizer: ' dunne darm'' zijdigheid onbekend'excisie'reactieve verandering'
----------------------------------------------------------------------------------------------------
Input text: Huidexcisiepreparaat (voorhoofd; rechts): basaalcelcarcinoom (nodulair type). De afwijking is totaal verwijderd.
Gold standard: huid voorhoofd rechts excisie basaalcelcarcinoom
Custom tokenizer: huid voorhoofd rechts excisie basaalcelcarcinoom'resectievlakken vrij'carcinoom'carcinoomcarcinoomcarcinoom
Default tokenizer: ' topografie onbekend'biopt 'g een diag nose''consult intern '
----------------------------------------------------------------------------------------------------
Input text: I huidexcisie schedel met morbus Bowen. Resectievlakken vrij (wel actinische keratose tot in de rand).[CRLF]II huidexcisie occipitaal (zijdigheid onbekend) met actinische keratose.
Gold standard: huid excisie bowen
Custom tokenizer: huid excisie 'actinische keratose' [C-SEP] huid hoofd excisie 'actinische keratose'carcinoomhyperplasiehyperplasie 'actinisch
Default tokenizer: ' arteria temporalis'excisie'inflammatoire darmziekte'' reumatoide pylori '
----------------------------------------------------------------------------------------------------
Input text: Resectie cervix voor en achterlip: beeld passend bij CIN-1.
Gold standard: cervix resectie cin-1
Custom tokenizer: cervix resectie cin-1
Default tokenizer: colon'dunne darm'' partiele resectie'' inflammatoire matig''inflammatoire darmziekte'' inflammatoire verandering'
----------------------------------------------------------------------------------------------------
Input text: Revisie EBUS geleide puncties lymfklieren mediastinum (******* ******* C21-300752) conform: [CRLF]I: punctie lymfklier station 4 rechts: enkele atypische cellen, mogelijk ook verdacht voor metastase adenocarcinoom.[CRLF]II: punctie lymfklier station 7: tumorpositief, beeld passend bij metastase adenocarcinoom (long).[CRLF]III: punctie lymfklier mediastinum station 10 rechts: tumorpositief, beeld past bij metastase adenocarcinoom. [CRLF]Elders is reeds een mutatie aangetoond in KRAS.[CRLF]PD-L1 [22C3, Dx-kit]: alhier geduid als positief, tussen 1-50%.[CRLF]Cytologisch materiaal is niet geschikt voor de aanvraagde studie M21GDC-1, zie studieprotocol.
Gold standard: lymfklier mediastinum punctie 'metastase adenocarcinoom' long revisie
Custom tokenizer: lymfklier mediastinum punctie'metastase adenocarcinoom' long'revisie concordant' [C-SEP] lymfklier mediastinum rechts punctie'metastase adenocarcinoom' 'primaire tumor onbekend'
Default tokenizer: 'arı resectie'' granulerende ontsteking'' inflammatoire darmziekte'' revisie extern concordant '
----------------------------------------------------------------------------------------------------
Input text: Deze aanvraag is niet in behandeling genomen omdat deze door een verstoring van het order-proces is veroorzaakt. Er behoort geen patientmateriaal bij deze aanvraag, daarom is deze administratief afgehandeld, dit heeft geen gevolgen voor andere aanvragen.
Gold standard: lichaam biopt 'geen materiaal' 'geen diagnose'
Custom tokenizer: lichaam biopt 'geen materiaal' 'geen diagnose''
Default tokenizer: ' dunne darm'' partiele resectie'' interstitiele hyperplasie '
----------------------------------------------------------------------------------------------------
Input text: Punctie linker bovenkwab: celbeeld passend bij een kleincellig ongedifferentieerd carcinoom.[CRLF]Er volgt nog aanvullend microscopisch onderzoek.[CRLF]Aanvulling d.d. 05-03-14:[CRLF]Bij aanvullend immuuncytochemisch onderzoek geen nieuwe gezichtspunten.
Gold standard: long punctie 'kleincellig carcinoom'
Custom tokenizer: long links punctie 'kleincellig carcinoom''
Default tokenizer: slijmvlies'palatum molle'' sinus piriformis'' slijmvlies mondbodem'tong biopt'' granulerende ontsteking '
----------------------------------------------------------------------------------------------------
Input text: ******* te ******* coupe en blokje nr. T14-19937, naaldbiopten laesie linker bovenkwab: erifeer longweefsel met wisselend uitgesproken chronische interstitiele ontsteking en uitgebreide fibrose. Nadere patroon analyse niet mogelijk in deze  biopten. Wel dubbelbrekend materiaal aangetroffen, in EDX analyse en diffractie passend bij talk. Is / was patient blootgesteld aan talk in zijn woon- of werkomgeving?
Gold standard: 'onderkwab long' links biopt 'interstitiele pneumonie' fibrose elektronenmicroscopie talk
Custom tokenizer: long links biopt ontsteking 'consult ten behoeve van derden'in 'consult ten behoeve van derden'
Default tokenizer: ' slijmvlies maag'excisie'granulerende ontsteking'' inflammatoire eff ec t''revisie extern concordant '
----------------------------------------------------------------------------------------------------
Input text: ******* B15-22511[CRLF]Conclusie Moleculaire Diagnostiek: hoog-risico HPV-negatief.
Gold standard: cervix 'h.p.v. negatief'
Custom tokenizer: cervix 'h.p.v. negatief'apert'''
Default tokenizer: ' slijmvlies maag'biopt'reactieve verandering'
----------------------------------------------------------------------------------------------------
Input text: Colonslijmvliesbiopten afkomstig van een sessiel serrated poliep. Geen dysplasie.
Gold standard: colon biopt 'serrated adenoom'
Custom tokenizer: colon biopt'serrated adenoom''spoliep
Default tokenizer: ' corpus uteri' biopt 'g een afwijking''g een zekere diag nose '
----------------------------------------------------------------------------------------------------
Input text: Goedaardige endometriumpoliep. Geen atypie.[CRLF]05-04-17/OOM/OOM
Gold standard: endometrium resectie poliep
Custom tokenizer: endometrium biopt poliep-2 'geen maligniteit'''-2 placenta
Default tokenizer: ' dunne darm'excisie'actieve ontsteking'' hooggradige appendiculaire'' hooggradige dysplasie''consult intern '
----------------------------------------------------------------------------------------------------
Input text: Excisies colon ascendens : In totaal 4 weefselfragmenten. In vier weefselfragmenten beeld van tubulovilleus adenoom met laag-gradige dysplasie.[CRLF]Zie ook commentaar in microscopie.
Gold standard: 'colon ascendens' excisie 'tubulovilleus adenoom' 'geringe dysplasie' 'chronische ontsteking'
Custom tokenizer: colon excisie adenoom 'laaggradige dysplasie'''
Default tokenizer: ' sinus'' zijdigheid onbekend'biopt'serrated adenoom'' hooggradige dysplasie'' hooggradige dysplasie '
----------------------------------------------------------------------------------------------------
Input text: Huidbiopt rechts temporaal: beeld best passend bij hypertrofe actinische keratose. In dit biopt echter vrijwel geen relatie met dermis aangetroffen, derhalve suboptimaal beoordeelbaar. Bij aanhoudende klinische verdenking op maligniteit graag uitbreiden histologisch onderzoek.
Gold standard: huid biopt hoofd rechts 'actinische keratose' dubieus
Custom tokenizer: huid temporaal rechts biopt 'actinische keratose'maal''s
Default tokenizer: ' dunne darm'biopt'chronische ontsteking'' inflammatoire darmziekte''g een zekere diag nose''
----------------------------------------------------------------------------------------------------
Input text: Excisiebiopt bovenlip rechts: eccrien poroom. Geen dysplasie of maligniteit.
Gold standard: lip biopt reactief
Custom tokenizer: huid bovenlip rechts excisie 'eccrien poroom''
Default tokenizer: ' dunne darm'' slijmvlies maag'biopt'morbus crohn '
----------------------------------------------------------------------------------------------------
Input text: lymfklierpunctie mediastinum/ carina Naruke 7: maligne cellen met kenmerken van een adenocarcinoom. Mutatie analyse is aangevraagd.[CRLF]aanvullend bericht (26-6-14): er zijn te weinig tumorcellen aanwezig voor mutatieanalyse.
Gold standard: lymfklier mediastinum punctie maligne adenocarcinoom 'ingeblokt cytologisch materiaal'
Custom tokenizer: lymfklier mediastinum 'endoscopische echografie' adenocarcinoomfr mutatie aanwezig'echografie'
Default tokenizer: ' slijmvlies mond' excisie 'есі esanţă''强化 chromosomale'' revisie extern concordant '
----------------------------------------------------------------------------------------------------
Input text: bronchusspoelvocht: geen maligniteit.
Gold standard: bronchus spoelvocht 'geen maligniteit'
Custom tokenizer: bronchus links spoelvocht 'geen maligniteit''
Default tokenizer: ' dunne darm'resectie'reactieve verandering'
----------------------------------------------------------------------------------------------------
Input text: Excisie cyste bovenarm rechts: epidermale cyste.[CRLF]09-03-18/mw. *******/rsi
Gold standard: huid excisie cyste
Custom tokenizer: huid excisie 'epidermale cyste'..hyperplasie'in pigmentosusmaal'..
Default tokenizer: 'weke delen' rug excisie'granulerende ontsteking'' granulerende ontsteking'' granulerende ontsteking'' granulerende ontsteking 
----------------------------------------------------------------------------------------------------
Input text: Distale  oesofagusbiopten: matig gedifferentieerd adenocarcinoom. HER2-neu volgt.[CRLF]*******[CRLF]Aanvulling d.d. 10-1-22:[CRLF]Her2neu dubieus (2+) . FISH analyse volgt.[CRLF]flr[CRLF]Aanvulling d.d. 12-1-22:[CRLF]FISH Her2neu: er wordt geen Her2neu gen amplificatie aangetoond. Her2neu negatief.[CRLF]flr
Gold standard: oesofagus biopt adenocarcinoom
Custom tokenizer: oesofagus biopt adenocarcinoom colon'moleculaire biologie'''
Default tokenizer: slijmvlies anus biopt'cornu ёра'' cornu slijmvlies'slijmvlies mondbodem''blue slijmvlies slijmvlies'anus biopt'granulerende
----------------------------------------------------------------------------------------------------
Input text: Huidexcisie neus rechts met een intradermale naevus naevocellularis. Geen atypie gezien.
Gold standard: huid neus excisie 'intradermale naevus'
Custom tokenizer: huid neus excisie 'dermale naevus'''.
Default tokenizer: huid'sinus 提'' zijdigheid onbekend'' keratosis actinica'' keratosis actinica'' keratosis actinica '
----------------------------------------------------------------------------------------------------
Input text: Huidbiopt pols rechts: leukocytoclastische vasculitis, gezien immunofluorescentieonderzoek geen klassieke Henoch-Schoenlein variant.
Gold standard: huid biopt vasculitis
Custom tokenizer: huid biopt vasculitisinactief'
Default tokenizer: huid excisie 'g een maligniteit'' superficieel spreidend melanoom'' moleculaire biologie''revisie extern concordant '
----------------------------------------------------------------------------------------------------
Input text: I en II: huidbiopten proximaal in plaque pretibiaal links en distaal in plaque pretibiaal links: in beide biopten zeer oppervlakkig weefsel met vooral hoornmateriaal en gering plaveiselepitheel, zonder overtuigende atypie. Het materiaal is in essentie te oppervlakkig voor zekere classificerende diagnose.
Gold standard: huid been links biopsie 'geen zekere diagnose'
Custom tokenizer: huid been links biopt 'geen maligniteit' links biopt 'geen goed materiaal'maal' papillomatosus'carcinoom
Default tokenizer: huid'behaarde hoofd' excisie'granulerende ontsteking'' resectievlak vrij'
----------------------------------------------------------------------------------------------------
Input text: Huidexcisie rug, groot gebied met discontinu superficieel spreidend melanoom in situ. Marge tot de rand 2mm. Het snijvlak is vrij.
Gold standard: huid rug excisie 'melanoma in situ'
Custom tokenizer: huid rug excisie'melanoom in situ' 'consult intern'in-3regressie'carcinoom dubieusin
Default tokenizer: ' nervus לם' excisie 'ယံ hidrocallelés'Nasa 'ımızda mice.'
----------------------------------------------------------------------------------------------------
Input text: Colonbiopten (sigmoA¯d): tubulair adenoom met hooggradige dysplasie. Onvoldoende argumenten voor invasief carcinoom.
Gold standard: colon biopsie poliep 'tubulair adenoom' 'ernstige dysplasie'
Custom tokenizer: colon biopt 'tubulair adenoom' 'hooggradige dysplasie''
Default tokenizer: 'weke delen' 'נעਲਾਈ''g een zekere diag nose'' sinus piriformis''shave
----------------------------------------------------------------------------------------------------
Input text: conclusieHuidbiopt scheenbeen rechts: benigne verrukeuze hyperplasie met reactieve epitheel veranderingen en op de achtergrond component van stase dermatitis.
Gold standard: huid scheenbeen rechts biopt hyperplasie
Custom tokenizer: huid been rechts biopt 'chronische hyperplasie' reactief'
Default tokenizer: ' glandula submandibularis''g een maligniteit '
----------------------------------------------------------------------------------------------------
Input text: ******* C19-04204[CRLF]Conclusie Moleculaire Diagnostiek: hoog-risico HPV-negatief.
Gold standard: cervix 'h.p.v. negatief'
Custom tokenizer: cervix 'h.p.v. negatief''.. negatief
Default tokenizer: huid excisie 'g een afwijking '
----------------------------------------------------------------------------------------------------
Input text: Naaldbiopten lever: lokalisatie van adenocarcinoom. Op basis van de morfologie en het immuunhistochemisch profiel past het beeld bij een primaire lokalisatie in de tractus digestivus. Geen duidelijke voorkeur voor hogere of lagere tractus digestivus. Graag correlatie met het klinisch en radiologisch beeld.
Gold standard: lever naaldbiopt 'metastase carcinoom' 'primaire tumor onbekend'
Custom tokenizer: lever biopt'metastase adenocarcinoom' 'localisatie primaire tumor onbekend'
Default tokenizer: huid'topografie onbekend'biopt'rue atypie''g een zekere diag nose''g een zekere diag
----------------------------------------------------------------------------------------------------
Input text: I en II: excisie neusbijholten links en rechts: polypeuze fragmenten neusslijmvlies. Geen inverted groeiwijze. Geen maligniteit. Er is minimale chronische ontsteking.[CRLF]26-09-14/*******/kd
Gold standard: neusbijholte excisie poliep
Custom tokenizer: neus links rechts excisie poliep-3btceldcelbdil
Default tokenizer: ' sinus adenoom'' sinus adenoom''g een zekere diag nose '
----------------------------------------------------------------------------------------------------
Input text: Huid shave excisie kin rechts: Intradermale naevus naevocellularis, geen dysplasie of maligniteit.
Gold standard: huid kin excisie 'naevus naevocellularis'
Custom tokenizer: huid kin rechts'shave excisie' naevus'
Default tokenizer: ' sinus maxillaris'' slijmvlies ёраなくても'' chronische ontsteking''פלאပေါက်''יזם na '
----------------------------------------------------------------------------------------------------
Input text: Curettage endometrium: sterk gedecidualiseerd endometriumslijmvlies passend in het kader van een verhoogde aanwezigheid van progesteron (zwangerschap? Exogeen?). Geen aanwijzingen voor atypie, hyperplasie of maligniteit.
Gold standard: endometrium curettage 'geen maligniteit' decidualisatie
Custom tokenizer: endometrium curettage 'geen maligniteit' poliep........
Default tokenizer: ' dunne darm'' partiele resectie'' actieve ontsteking'' inflammatoire darmziekte'' inflammatoire darmziekte '
----------------------------------------------------------------------------------------------------
Input text: Biopt onderlip: focusscore van 3. Het beeld ondersteunt de diagnose morbus Sjogren.
Gold standard: lip biopt 'morbus sjogren'
Custom tokenizer: lip biopt erosie
Default tokenizer: huid'slijmvlies 代表''shave excisie''renti bovenbeen''ılıq ei n''inflammatoire zte wai
----------------------------------------------------------------------------------------------------
Input text: I: huidbiopt coeur: BCC, solide groeipatroon (met enkele microcalcificaties). In dit kleine biopt geen ulceratie.[CRLF]II: huidbiopt bovenarm (rechts): onregelmatige hyperplasie van de epidermis, het beeld kan passen bij prurigo nodularis / lichen simplex chronicus. Tevens aanwijzingen voor een schimmelinfectie.
Gold standard: huid thorax biopt basaalcelcarcinoom [C-SEP] huid arm rechts biopt 'prurigo nodularis' 'lichen simplex chronicus' 'lichenoide dermatitis' schimmelinfectie
Custom tokenizer: huid coeur biopt 'geen maligniteit' 'prurigo nodularis''''
Default tokenizer: ' dunne darm'biopt'necrotiserende glomerulonefritis'' necrotiserende infectie '
----------------------------------------------------------------------------------------------------
Input text: Hartexplantaat bij restrictieve cardiomyopathie: beeld passend bij restrictieve cardiomyopathie met sterke myocardiale fibrose in de LV. Voorts sterke RV hypertrofie.
Gold standard: hart excisie cardiomyopathie
Custom tokenizer: long links biopt 'granulomateuze ontsteking' fibrose'spoliep
Default tokenizer: huid biopt 'g een diag nose '
----------------------------------------------------------------------------------------------------
Input text: Lymfklier excisie rechts inguinaal: histologisch beeld conform de andere lymfklier (T15-28649), zonder aanwijzingen voor maligniteit of granulomateuze ziekte.[CRLF]AANVULLEND BERICHT (d.d. 21-10-15):[CRLF]Naar aanleiding van het verzoek van de kliniek  (zie aanvulling bij T15-55412) werd het preparaat gereviseerd. Hierbij geen nieuwe inzichten. Het betreft een fibrotische/atrofische lymfklier zonder aanwijzingen voor (lymforeticulaire) maligniteit. [CRLF](lb/sd)
Gold standard: lymfklier lies excisie 'geen maligniteit'
Custom tokenizer: lymfklier lies rechts excisie 'geen maligniteit' 'consult intern'''moleculaire biologie''
Default tokenizer: ' sinus maxillaris'biopt'inverted papilloma'' sinus pilonidalis''g een zekere diag nose''
----------------------------------------------------------------------------------------------------
Input text: Huidexcisie onder ooglid links: eccrien hidrocystoom, krap radicaal verwijderd.
Gold standard: huid ooglid links excisie 'eccrien hidrocystoom'
Custom tokenizer: huid gelaat excisie hidrocystoom
Default tokenizer: ' sinus lich aa m''kl ei ne bekken'excisie 'g een afwijking '
----------------------------------------------------------------------------------------------------
Input text: Huidbiopt (neus, linkerzijde): actinische keratose.
Gold standard: huid neus biopt 'actinische keratose' doorsnijding
Custom tokenizer: huid neus biopt 'actinische keratose'carcinoom-maal'carcinoom'
Default tokenizer: 'weke delen''topografie onbekend'excisie 'g een tumor'
----------------------------------------------------------------------------------------------------
Input text: Maag antrum- en corpusslijmvliesbiopten zonder afwijking. Met name geen helicobacters of ontsteking.
Gold standard: maag biopsie 'geen afwijking'
Custom tokenizer: maag biopsie 'geen afwijking''-t-lymfoomeogeen afwijking'iimaal2
Default tokenizer: ' glandula submandibularis'biopt'chronische ontsteking''ատեսակ ascendens '
----------------------------------------------------------------------------------------------------
Input text: I t/m IV: prostaatbiopt (transitie zone rechts basis, transitie zone rechts basis, perifere zone links basis, perifere zone links basis): prostaatweefsel zonder aanwijzingen voor hooggradige PIN of maligniteit. In III een geringe chronische ontsteking enige atrofie.
Gold standard: prostaat links rechts biopt 'geen maligniteit'
Custom tokenizer: prostaat biopt 'geen maligniteit''
Default tokenizer: ' dunne darm'biopt 'g een maligniteit'' myelodysplastisch syndroom'' myelodysplastisch syndroom''consult intern 
----------------------------------------------------------------------------------------------------
Input text: Revisie t.b.v. derden (PA-lab *******, PA-nummer T22-10018), concordant.[CRLF]Biopt tong: chronische actieve ontsteking met reactieve hyperplasie in aanwezigheid van een schimmelinfectie. Geen evidente dysplasie, geen maligniteit.
Gold standard: tong biopt ontsteking 'revisie concordant'
Custom tokenizer: tong biopt 'chronische actieve ontsteking''revisie ten behoeve van derden concordant'''revisie ten behoeve van derden concordant
Default tokenizer: ' dunne darm'excisie 'g een afwijking'' chronische ontsteking''асаниш''diag nose
----------------------------------------------------------------------------------------------------
Input text: Biopten oesofagus: lokalisatie plaveiselcelcarcinoom. Differentiatie tussen primaire oesofagus origine of primaire long origine is bij plaveiselcelcarcinoom niet mogelijk.
Gold standard: oesofagus biopt plaveiselcelcarcinoom
Custom tokenizer: oesofagus biopt plaveiselcelcarcinoomcarcinoom
Default tokenizer: huid'arteria molle''g een afwijking '
----------------------------------------------------------------------------------------------------
Input text: Huid biopt midfrontaal rechts waarin talgklierhyperplasie. Voorts keratosis actinica.
Gold standard: huid biopt hyperplasie
Custom tokenizer: huid biopt 'keratosis actinica'in'carcinoom-maalcarcinoom'
Default tokenizer: lymfklier lies r ec hts biopt 'g een maligniteit'' chronische ontsteking'' granulomateuze ontsteking '
----------------------------------------------------------------------------------------------------
Input text: Huidbiopt intermammair, met keratosis actinica en plaatselijk het beeld van morbus Bowen.
Gold standard: huid thorax biopt 'keratosis actinica'
Custom tokenizer: huid thorax biopt 'keratosis actinica''morbus bowen''C-SEP] huid thorax biopt 'keratosis
Default tokenizer: 'weke delen' buik excisie'reactieve verandering'
----------------------------------------------------------------------------------------------------
Input text: Huidexcisie rug hoog (uw nummer 2): een vooral dermaal gelokaliseerde samengestelde naevus naevocellularis. Geen aanknopingspunten voor maligniteit.
Gold standard: huid rug excisie 'samengestelde naevus naevocellularis'
Custom tokenizer: huid rug excisie'samengestelde naevus''''
Default tokenizer: ' sinus sfenoidalis'' partiele resectie'' chronische ontsteking'' chronische ontsteking''g een maligniteit '
----------------------------------------------------------------------------------------------------
Input text: Biopten distale oesophagus met beeld van tenminste hooggradige dysplasie, zeer suggestief voor intestinaal type adenocarcinoom.
Gold standard: slokdarm biopt adenocarcinoom 'consult intern'
Custom tokenizer: oesophagus biopt 'hooggradige dysplasie''verdacht voor maligniteit''in-3
Default tokenizer: huid excisie'chronische ontsteking''逻辑 dysplasie '
----------------------------------------------------------------------------------------------------
Input text: Biopt linkeronderkwab: niet-kleincellig carcinoom, voorkeur adenocarcinoom. Veel necrose. Zie ook T21-10900.[CRLF]PD-L1 IHC: 0 % positieve tumorcellen; CD8 cellen in tumor: 0 ; CD8 cellen in tumorstroma: 0 . Beta-2-microglobuline in tumor: membraanexpressie 0 %; in cytoplasma 0 %.[CRLF]ALK-IHC (D5F3) is negatief[CRLF]Mutatie analyse: GEEN mutaties in de hotspots van de genen in het panel. [CRLF]NanoString analyse: Geen ALK, ROS1, RET of NTRK fusietranscript en geen MET exon 14 skipping aangetoond. Een negatieve uitslag sluit lage expressie van een fusietranscript onder de detectiegrens niet uit.[CRLF]Klinische interpretatie: In het algemeen reageren patiA«nten zonder moleculaire afwijkingen in deze klinisch-relevante genen niet op behandeling met doelgerichte therapie. Voor behandeladvies: *******[CRLF]Aanvulling 18-06-2021[CRLF]FISH analyse: NRG1 FISH-analyse is niet te beoordelen omdat er te weinig neoplastische kernen met een evalueerbaar FISH signaal (<50) in het weefsel aanwezig zijn. Indien ander materiaal voorhanden kunt u dit materiaal met een nieuwe aanvraag insturen.
Gold standard: long links biopt adenocarcinoom 'pdl1 negatief' therapiekeuzetest 'mutatie niet aanwezig' 'chromosomale breuk niet aanwezig'
Custom tokenizer: long onderkwab links biopt adenocarcinoom' aanwezigCSEP] long bovenkwab links biopt 'geen diagnose' '
Default tokenizer: 'донитности''аромに役立つ''g een zekere diag nose''consult intern '
----------------------------------------------------------------------------------------------------
Input text: Perifere longbiopten en bronchusbiopten rechter onderkwab bij status na longtransplantatie: geen aanwijzingen voor rejectie.
Gold standard: long bronchus biopt 'geen afwijking'
Custom tokenizer: long rechts biopt 'geen maligniteit''
Default tokenizer: ' dunne darm'biopt 'g een afwijking '
----------------------------------------------------------------------------------------------------
Input text: Slijmvliesexcisie (rond anus): beeld passend bij condyloma acuminatum. De meeste condylomen tonen geen aanwijzingen voor dysplasie. Een van de condylomen toont echter een sterk verstoorde uitrijping tenminste passend bij matige dysplasie. Vooralsnog geen aanwijzingen voor invasieve groei. [CRLF]Aanvulling d.d. 09-04-13:[CRLF]In de diepere doorsnijdingen in essentie geen nieuwe bevindingen, middels in situ hybridisatieonderzoek ter plaatse van de hooggradige dysplasie geringe expressie van HPV high risk, HPV low risk is negatief
Gold standard: slijmvlies anus resectie 'condyloma acuminatum' dysplasie
Custom tokenizer: anus excisie 'condyloma acuminatum''revisie extern concordant'C-SEP] anus excisie 'dysplasie matig'
Default tokenizer: ' dunne darm'' zijdigheid onbekend'biopt'verdacht maligne'' revisie intern'' revisie concordant '
----------------------------------------------------------------------------------------------------
Input text: Huidstansbiopt onderarm rechts (I.) en onderbeen links (II.): basaalcelcarcinoom, superficieel type.
Gold standard: huid arm rechts been links biopt basaalcelcarcinoom
Custom tokenizer: huid onderarm rechts biopt basaalcelcarcinoomcarcinoomincarcinoomcarcinoom.....
Default tokenizer: ' dunne darm'excisie 'g een maligniteit'' granulerende ontsteking'' granulerende ontsteking'' resectievlak vrij'
----------------------------------------------------------------------------------------------------
Input text: I. Biopten ileum terminale: in een van de biopten, zeer focaal, geringe chronisch actieve ontsteking zonder specifieke kenmerken. Geen granulomen.[CRLF]II t/m VII. Colonbiopten respectievelijk afkomstig van coecum, colon ascendens, transversum, descendens, sigmoid en rectum: geen afwijkingen. Geen actieve ontsteking. Geen granulomen. Geen dysplasie.
Gold standard: colon biopt 'geen afwijking' kwaliteitsborging
Custom tokenizer: ileum colon biopt 'geen afwijking' [C-SEP] colon biopt 'geen afwijking''
Default tokenizer: ' dunne darm'biopt 'g een zekere diag nose '
----------------------------------------------------------------------------------------------------
Input text: Aspiratiecytologie lymfklier level III rechts: beeld passend bij een reactieve lymfklier. Maligne lymfoom kan niet met absolute zekerheid worden uitgesloten.
Gold standard: lymfklier hals rechts aspiratiecytologie 'geen maligniteit'
Custom tokenizer: lymfklier hals rechts punctie reactief-effect
Default tokenizer: 'weke delen''zijdigheid onbekend'excisie 'g een classificerende diag nose'' resectievlak niet vrij'
----------------------------------------------------------------------------------------------------
Input text: Excisie vagina met een simpele cyste, wat kan passen in het kader van een endometriose cyste.
Gold standard: vagina excisie cyste endometriose dubieus
Custom tokenizer: vagina excisie cyste endometriosein-1maalin-1
Default tokenizer: ' sinus maxillaris'biopt 'g een maligniteit '
----------------------------------------------------------------------------------------------------
Input text: Nasopharynx biopten: adenoidweefsel met active ontsteking en lymfoide hyperplasie. Geen maligniteit.
Gold standard: adenoid excisie ontsteking
Custom tokenizer: anus biopt 'geen maligniteit''
Default tokenizer: ' glandula submandibularis'biopt 'acute ontsteking'' revisie extern concordant '
----------------------------------------------------------------------------------------------------
Input text: Verwijdering meningeoom rechts frontaal: meningotheliomateus meningeoom (WHO graad 1).
Gold standard: hersenen hersenvlies excisie meningeoom
Custom tokenizer: hersenen excisie meningeoom
Default tokenizer: huid'mons pubis'' zijdigheid onbekend'' keratosis actinica'' keratosis actinica'' keratosis actinica '
----------------------------------------------------------------------------------------------------
Input text: TESE agarcyto en standaard PA biopten testis I links en II rechts: geen aanwijzingen voor (pre) maligniteit. In I links het beeld van Sertoli cel only syndroom. In II rechts in 30% van de tubuli nog volledige spermatogenese; voorts ook hier Sertoli cel only aspect.
Gold standard: testis links rechts biopt 'geen maligniteit' i.p.reactie 'sertoli cel only syndroom' 'spermatogenese rijpingsstoornis'
Custom tokenizer: testis testis links rechts biopt 'geen maligniteit' immuunhistochemiein3 immuunhistochemiefertiliteit ip '
Default tokenizer: ' dunne darm'' partiele resectie'' chronisch actieve ontsteking''diag nose onzeker'' revisie intern
----------------------------------------------------------------------------------------------------
Input text: Cholecystectomie: acute necrotiserende cholecystitis met tekenen van perforatie. Voor zover te beoordelen geen dysplasie. Geen tekenen van maligniteit.
Gold standard: galblaas resectie ontsteking
Custom tokenizer: galblaas resectie 'acute ontsteking'
Default tokenizer: ' dunne darm'biopt'actieve ontsteking '
----------------------------------------------------------------------------------------------------
Input text: Crista beenmerg biopt links: maximale beoordeelbare lengte 30 mm, cellulariteit 40-50%, hematopoese met daarin geringe toename van plasmacellen, met enige enige voorkeursaankleuring voor lambda ketens. Geschatte infiltratieratio <5%.
Gold standard: 'crista beenmerg' biopt plasmocytose
Custom tokenizer: 'crista beenmerg' biopt'morbus kahler''
Default tokenizer: 'weke delen' biopt'inflammatoire darmziekte '
----------------------------------------------------------------------------------------------------
Input text: Nierbiopt links: heldercellig niercelcarcinoom, WHO graad 2.
Gold standard: nier links biopt 'heldercellig niercelcarcinoom'
Custom tokenizer: nier links biopt 'heldercellig niercelcarcinoom'pPTOp-1
Default tokenizer: huid'mons pubis'resectie 'g een maligniteit '
----------------------------------------------------------------------------------------------------
Input text: Oppervlakkige huid shave schaambeen waarin een dermale naevus naevocellularis. Geen dysplasie of maligniteit gezien.
Gold standard: huid resectie 'dermale naevus'
Custom tokenizer: huid excisie 'dermale naevus''''
Default tokenizer: ' dunne darm'biopt'chronisch actieve ontsteking''経 adenoom'' actieve ontsteking''consult intern 
----------------------------------------------------------------------------------------------------
Input text: I en II. Biopten colon ascendens/sigmoid: chronische ontsteking met wisselende verbreding van de basaalmembraan, dit beeld kan passen bij een microscopische collageneuze colitis.[CRLF](Casus werd gezamenlijk beoordeeld op 24-12-2021)
Gold standard: 'colon ascendens' biopt 'collageneuze colitis' [C-SEP] sigmoid biopt 'collageneuze colitis'
Custom tokenizer: colon biopt 'chronische ontsteking'' oedeemr
Default tokenizer: ' sinus piriformis'biopt'granulerende ontsteking'' inflammatoire darmziekte''diag nose onzeker'' morbus crohn
----------------------------------------------------------------------------------------------------
Input text: Aard ingreep: radicale prostatectomie << ;[CRLF]Type carcinoom: acinair adenocarcinoom << ;[CRLF]Gleason score:  6 (3 + 3) ;[CRLF]Lokalisatie tumor: kleine focus rechts (kleiner dan 5A mm) ; daarnaast tweetal plaatsen met ASAP[CRLF]Snijvlakken:  vrij ;[CRLF]Extraprostatische uitbreiding: niet aanwezig ;[CRLF]Ingroei in vesiculae seminales: niet aanwezig ;[CRLF]Ingroei blaashals: niet aanwezig ;
Gold standard: prostaat excisie adenocarcinoom
Custom tokenizer: prostaat excisie adenocarcinoom
Default tokenizer: ' dunne darm'excisie'sessiel serrated adenoom'' laaggradige dysplasie '
----------------------------------------------------------------------------------------------------

JOB STATISTICS
==============
Job ID: 5085826
Cluster: snellius
User/Group: msiepel/msiepel
State: RUNNING
Nodes: 1
Cores per node: 18
CPU Utilized: 00:00:00
CPU Efficiency: 0.00% of 00:24:54 core-walltime
Job Wall-clock time: 00:01:23
Memory Utilized: 0.00 MB (estimated maximum)
Memory Efficiency: 0.00% of 39.06 GB (39.06 GB/node)
WARNING: Efficiency statistics may be misleading for RUNNING jobs.
