You are using a model of type t5 to instantiate a model of type mt5. This is not supported for all configurations of models and can yield errors.
Input Sentence: Endometriumfragmenten waarin hormooneffect (progestageen). Geen beeld van hyperplasie herkenbaar. Geen cellulaire atypie.
Gold Standard (Codes): 'corpus uteri' pipelle 'hormonaal effect'
Translated Sentence (beam): endometrium biopt hormooneffect
Translated Sentence (greedy): endometrium curettement 'geen maligniteit'
==================================================
Input Sentence: Excisie poliep rectum: tubulovilleus adenoom met laaggradige dysplasie.
Gold Standard (Codes): rectum excisie poliep 'tubulovilleus adenoom' 'geringe dysplasie'
Translated Sentence (beam): 'rectum'' excisie'' adenoom'' dysplasie'
Translated Sentence (greedy): rectum excisie 'tubulovilleus adenoom' 'laaggradige dysplasie'
==================================================
Input Sentence: I 1: biopten distale oesophagus: Barrett-slijmvlies, geen dysplasie, geen maligniteit.[CRLF]II: biopten distale oesophagus: plaveiselepitheel zonder afwijkingen, met name geen dysplasie.
Gold Standard (Codes): oesophagus biopt barrett
Translated Sentence (beam): oesophagus biopt barrett
Translated Sentence (greedy): oesophagus biopt barrett
==================================================
Input Sentence: Gefragmenteerde myoomresectie: endomyometrium zonder aanwijzingen voor (pre) maligniteit; in de juiste klinische context kan het beeld passen bij uterus myomatosus.
Gold Standard (Codes): uterus resectie 'geen maligniteit'
Translated Sentence (beam): endometrium resectie 'geen maligniteit'
Translated Sentence (greedy): endometrium resectie 'geen maligniteit'
==================================================
Input Sentence: 1): biopsie poliep 80A cm: adenomateuze poliep, laaggradige dysplasie.[CRLF]2): biopsie coecum / colon ascendens: hyperplastische poliep. Geen dysplasie.
Gold Standard (Codes): colon biopt adenoom
Translated Sentence (beam): colon biopt 'hyperplastische poliep'
Translated Sentence (greedy): colon biopt 'hyperplastische poliep'
==================================================
Input Sentence: 1. Naresectie labiale cuff gingiva hoektand 13: plaveiselcellige proliferatie met geringe cytonucleaire atypie, met voorkeur voor reactieve epitheelhyperplasie. Geen invasieve groei. [CRLF]2. Naresectie palatinale zijde hoektand 13: plaveiselcellige proliferatie met enige cytonucleaire atypie, met voorkeur voor reactieve epitheelhyperplasie. Een component geringe dysplasie kan echter niet geheel uitgesloten worden. Geen hooggradige dysplasie of invasieve groei. [CRLF]De morfologie in beide inzendingen oogt beduidend minder atypisch dan het beeld in het eerdere excisiebiopt (T23-08381).
Gold Standard (Codes): gingiva excisie reactief 'consult intern' [C-SEP] palatum excisie reactief 'consult intern'
Translated Sentence (beam): lymfklier 'zijdigheid onbekend' resectie'metastase
Translated Sentence (greedy): 'lymfklier'' resectie'' plaveiselcelcarcinoom
==================================================
Input Sentence: Huid biopt, linkerhelix: verruca seborrhoica
Gold Standard (Codes): huid biopt 'verruca seborrhoica.'
Translated Sentence (beam): huid helix links biopt'verruca seborrhoica'
Translated Sentence (greedy): huid oor links biopt'verruca seborrhoica'
==================================================
Input Sentence: Punctie laesie glandula parotis rechts: het beeld is goed passend bij pleiomorf adenoom.
Gold Standard (Codes): parotis punctie 'pleiomorf adenoom'
Translated Sentence (beam): pleiomorf rechts punctie 'pleiomorf adenoom'
Translated Sentence (greedy): 'glandula parotis' rechts punctie cytologie 'pleiomorf adenoom'
==================================================
Input Sentence: Synovia weefsel knie rechts: synoviumbiopten met reactieve veranderingen en tekenen van doorgemaakte bloeding.[CRLF]Geen specifieke kenmerken.
Gold Standard (Codes): synovium knie rechts biopt reactief
Translated Sentence (beam): synovia weefsel knie rechts biopt reactief
Translated Sentence (greedy): synovia knie rechts biopt reactief
==================================================
Input Sentence: Huidbiopt neusvleugel links: minimale epitheelhyperplasie en hyperkeratose. Geen dysplasie of maligniteit.
Gold Standard (Codes): huid biopt gelaat links reactief
Translated Sentence (beam): huid neusvleugel links biopt hyperkeratose
Translated Sentence (greedy): huid neus links biopt hyperkeratose
==================================================
Input Sentence: Sperma analyse: normospermie.[CRLF]VCM waarde: 330,1.
Gold Standard (Codes): sperma normospermie
Translated Sentence (beam): sperma'status na operatie''status na operatie'
Translated Sentence (greedy): serum 'peritoneum maligniteit''status na operatie' 'geen maligniteit
==================================================
Input Sentence: Huidexcisiebiopt gelaat, neus links: samengestelde melanocytaire naevus.
Gold Standard (Codes): huid gelaat excisie naevus
Translated Sentence (beam): huid biopsie naevus
Translated Sentence (greedy): huid neus links'samengestelde naevus'
==================================================
Input Sentence: Coupes ter consult van excisie van een cyste mond / kaak links (Pathologie *******, T19-46216): benigne odontogene tumor, waarbij de voorkeur uitgaat naar de diagnose complex odontoom (voor overwegingen zie microscopie).
Gold Standard (Codes): kaak links excisie odontoom 'consult ten behoeve van derden'
Translated Sentence (beam): mond links excisie'maligne odontoom' 'consult extern' 'consult concordant'
Translated Sentence (greedy): 'kaak'' links'' excisie'' odontair carcinoom'
==================================================
Input Sentence: Punctie mamma rechts met behulp van echo: cyste.
Gold Standard (Codes): mamma rechts punctie cyste echografie
Translated Sentence (beam): mamma rechts punctie cyste
Translated Sentence (greedy): mamma rechts punctie 'geen afwijking'
==================================================
Input Sentence: Excisie cyste ovarium rechts (diameter onbekend): differentiaaldiagnostisch wordt gedacht aan een simpele (inclusie) cyste of een cystadenoom. Geen aanwijzingen voor endometriose. Geen aanwijzingen voor dysplasie / maligniteit.
Gold Standard (Codes): ovarium rechts excisie cyste 'geen maligniteit'
Translated Sentence (beam): ovarium rechts excisie cystadenoom
Translated Sentence (greedy): ovarium rechts excisie cyste
==================================================
Input Sentence: conclusie[CRLF]I: biopten terminaal ileum: oppervlakkig dunne darmslijmvlies zonder [CRLF]overtuigende aanwijzingen voor een graft versus host disease. CMV is negatief.[CRLF]II: biopten coecum: colonslijmvlies zonder overtuigende aanwijzingen voor een [CRLF]graft versus host disease. CMV is negatief.[CRLF]III: biopten sigmoA¯d: colonslijmvlies zonder overtuigende aanwijzingen voor een [CRLF]graft versus host disease. CMV is negatief.
Gold Standard (Codes): ileum biopt 'geen afwijking' [C-SEP] colon biopt 'geen afwijking'
Translated Sentence (beam): 'colon ascendens' biopt 'geen afwijking'
Translated Sentence (greedy): colon biopt 'geen afwijking'
==================================================
Input Sentence: Appendectomie: actieve flegmoneuze ontsteking. Geen maligniteit.
Gold Standard (Codes): appendectomie ontsteking
Translated Sentence (beam): appendix resectie 'actieve ontsteking'
Translated Sentence (greedy): appendix resectie 'flegmoneuze ontsteking'
==================================================
Input Sentence: Huidstukje afkomstig van het rechter bovenooglid waarin een geirriteerde verruca seborrhoica.
Gold Standard (Codes): huid biopt 'verruca seborrhoica' bovenooglid rechts
Translated Sentence (beam): huid ooglid rechts excisie'verruca seborrhoica'
Translated Sentence (greedy): huid biopt'verruca seborrhoica'
==================================================
Input Sentence: Huidexcisie (linker wang): huid met granulatie weefsel, reikend tot in de bodem van de excisie.
Gold Standard (Codes): huid hoofd resectie granulatieweefsel
Translated Sentence (beam): huid wang links excisie granulatieweefsel
Translated Sentence (greedy): huid resectie granulatieweefsel
==================================================
Input Sentence: Salpingo-oophorectomie links: matuur teratoom (diameter 9 cm). Geen immature componenten.
Gold Standard (Codes): adnex links resectie 'matuur teratoom'
Translated Sentence (beam): ooglid links excisie teratoom
Translated Sentence (greedy): 'oog'oog'' links'' biopt'' teratoom
==================================================
Input Sentence: Biopsiemateriaal uit synovium linker knie, met geringe reactieve veranderingen. Geen specifiek beeld.
Gold Standard (Codes): synovium knie links biopt 'reactieve verandering'
Translated Sentence (beam): synovium links biopt reactief
Translated Sentence (greedy): synovium links biopsie reactief
==================================================
Input Sentence: Tubae beiderzijds: zonder afwijkingen.
Gold Standard (Codes): tuba links rechts resectie 'geen afwijkingen'
Translated Sentence (beam): tuba links rechts resectie 'geen afwijking'
Translated Sentence (greedy): tuba links rechts resectie 'geen afwijking'
==================================================
Input Sentence: Excisie lymfklier supraclaviculair links: klassiek type Hodgkin lymfoom.
Gold Standard (Codes): lymfklier excisie 'hodgkin lymfoom'
Translated Sentence (beam): lymfklier supraclaviculair links excisie 'hodgkin lymfoom'
Translated Sentence (greedy): lymfklier hals links excisie 'hodgkin lymfoom'
==================================================
Input Sentence: I. Huidbiopt frontaal links: basaalcelcarcinoom, oppervlakkig type.[CRLF]II. Huidbiopt mediale ooghoek: actinische keratose.[CRLF]III. Huidbiopt rug: spoelcellige proliferatie waarvoor immuunhistochemische typering volgt. U ontvangt hierover aanvullend bericht.[CRLF]Aanvulling d.d. 27-06-2017:[CRLF]Ad III. Na immuunhistochemisch onderzoek voorkeur voor een atypisch fibroxanthoom. Gaarne excisie van de gehele laesie voor definitieve diagnose.
Gold Standard (Codes): huid biopt basaalcelcarcinoom [C-SEP] huid biopt 'actinische keratose' [C-SEP] huid biopt 'atypisch fibroxanthoom' 'immuunperoxydase reactie'
Translated Sentence (beam): huid hoofd biopt basaalcelcarcinoom [C-SEP] huid rug biopt 
Translated Sentence (greedy): huid frontaal biopt basaalcelcarcinoom [C-SEP] huid rug biopt 
==================================================
Input Sentence: Mammabiopt (rechts): mammaweefsel met fibrose en ontstekingsinfiltraat. Geen weke delen tumor herkenbaar in dit materiaal.[CRLF]Aanvulling: het beeld kan passen bij gynaecomastie.
Gold Standard (Codes): mamma rechts biopt 'geen afwijkingen'
Translated Sentence (beam): mamma rechts biopt gynaecomastie
Translated Sentence (greedy): mamma rechts biopt gynaecomastie
==================================================
Input Sentence: Een 66 jaar oud geworden vrouw met in de voorgeschiedenis een lobectomie van de linker bovenkwab in verband met een adenocarcinoom van de long en een debulking van een glioblastoma multiforme rechts temporo-insulair, gecompliceerd door een nabloeding in het operatiegebied, waaraan patiente waarchijnlijk is overleden. Bij lichaamsobductie een bronchopneumonie gezien van de rechter midden- en onderkwab en in de lever ijzerstapeling waarbij differentiaal diagnostisch hemochromatose moet worden overwogen.[CRLF]Aanvulling d.d. 20-09-2017: Neuropathologisch verslag, cf. supra.
Gold Standard (Codes): hersenen bloeding 'glioblastoma multiforme' obductie [C-SEP] long rechts pneumonie obductie
Translated Sentence (beam): long links resectie adenocarcinoom
Translated Sentence (greedy): 'bovenkwab long' links resectie adenocarcinoom'sni
==================================================
Input Sentence: Mammareductie links: microcysten met apocriene metaplasie, geen tekenen van (pre -) maligniteit. Zie ook T13-23223.
Gold Standard (Codes): mamma links reductie 'apocriene metaplasie' cyste 'geen maligniteit'
Translated Sentence (beam): mamma links resectie 'geen maligniteit'
Translated Sentence (greedy): mamma links biopt 'geen maligniteit'
==================================================
Input Sentence: Bronchusspoelsel (links): acute ontsteking. Geen maligniteit.
Gold Standard (Codes): bronchus links spoelsel 'geen maligniteit'
Translated Sentence (beam): bronchusspoelsel links cytologie ontsteking
Translated Sentence (greedy): bronchus links cytologie ontsteking
==================================================
Input Sentence: Endometriumpipelle: uitsluitend slijm, geen weefsel, geen diagnose.
Gold Standard (Codes): endometrium biopt 'geen diagnose'
Translated Sentence (beam): endometrium biopt 'geen diagnose'
Translated Sentence (greedy): endometrium biopt 'geen diagnose'
==================================================
Input Sentence: I. Ileumbiopten zonder afwijkingen.[CRLF]II. Coecumbiopten: Zeer gering actief chronische ontsteking. Geen granulomen. Geen dysplasie, geen maligniteit.[CRLF]III. Colon transversumbiopten: Gering actief chronische ontsteking met cryptabcesjesvorming. Geen granulomen. Geen dysplasie, geen maligniteit.[CRLF]IV. Colon descendens biopten: Gering actief chronische ontsteking met cryptabcesjesvorming met ulceratie. Geen granulomen. Geen dysplasie, geen maligniteit.[CRLF]V. Rectosigmoid biopten: Gering actieve ontsteking met cryptabcesjesvorming. Geen granulomen. Geen dysplasie, geen maligniteit.[CRLF]Het betreffen colonbiopten met een geringe variatie in actief chronische ontsteking. Het beeld kan passen bij de klinische verdenking van een IBD.[CRLF]CMV kleuringen zijn negatief.
Gold Standard (Codes): colon biopt ibd
Translated Sentence (beam): colon biopt 'geen maligniteit' [C-SEP] colon biopt 'chronische ontste
Translated Sentence (greedy): colon biopt 'geen afwijking' [C-SEP] colon biopt 'chronische on
==================================================
Input Sentence: Huidexcisie middel links: verrukeuze en hyperkeratotische plaveiselcel laesie met minimale atypie, welke kan passen bij een (geirriteerde) verruca seborrhoica. Differentiaal diagnostisch kan worden gedacht aan keratosis actinica. De laesie is krap verwijderd. Er is geen maligniteit.[CRLF]29-01-16/*******/hvd
Gold Standard (Codes): huid flank links excisie verruca atypie
Translated Sentence (beam): huid gelaat links excisie'verruca seborrhoica' 'geen maligniteit'
Translated Sentence (greedy): huid gelaat links excisie'verruca seborrhoica''revisie extern'
==================================================
Input Sentence: I: shave-excisie huid (rug): verruca seborrhoica. [CRLF]II: shave-excisie huid (onderbuik/flank, links): verruca seborrhoica.
Gold Standard (Codes): huid rug buik excisie 'verruca seborrhoica'
Translated Sentence (beam): huid romp resectie'verruca seborrhoica'
Translated Sentence (greedy): huid rug excisie'verruca seborrhoica'
==================================================
Input Sentence: I. Biopten duodenum: geen afwijkingen. Geen vlokatrofie.[CRLF]II. Maagbiopten antrum en corpus: geringe reactieve veranderingen. Geen dysplasie, atrofie of intestinale metaplasie, geen Helicobacter pylori aangetoond.
Gold Standard (Codes): maag biopt reactief [C-SEP] duodenum biopt 'geen afwijking'
Translated Sentence (beam): duodenum biopt 'geen afwijking' [C-SEP] maag biopt react
Translated Sentence (greedy): duodenum biopt 'geen afwijking' [C-SEP] maag biopt react
==================================================
Input Sentence: Urine: geen maligne cellen; gering ontsteking.
Gold Standard (Codes): urine cytologie 'geen maligniteit'
Translated Sentence (beam): urine 'geen maligne cellen'
Translated Sentence (greedy): urine cytologie ontsteking
==================================================
Input Sentence: I en II. Huid shave-excisie wang links en oksel links: Twee stukjes huid met in elk een verruca seborrhoica.
Gold Standard (Codes): huid excisie 'verruca seborrhoica'
Translated Sentence (beam): huid wang links excisie'verruca seborrhoica'
Translated Sentence (greedy): huid wang oksel links'verruca seborrhoica'
==================================================
Input Sentence: Shave-excisie bovenbeen binnenzijde rechts: beeld passend bij dermatofibroom.In deze excisie geen aanwijzingen voor maligniteit.
Gold Standard (Codes): huid been rechts excisie dermatofibroom
Translated Sentence (beam): huid excisie dermatofibroom
Translated Sentence (greedy): huid bovenbeen rechts excisie dermatofibroom
==================================================
Input Sentence: Het Q-nummer is een administratief nummer om een ******* zoekvraag te kunnen genereren. Bij dit Q-nummer komt geen verslag.
Gold Standard (Codes): 'topografie onbekend' biopt 'geen diagnose'
Translated Sentence (beam): huid biopt 'geen afwijking'
Translated Sentence (greedy): 'weke delen' 'geen goed materiaal'
==================================================
Input Sentence: I huidexcisie, volgens klinische gegevens interdigitaal 4-5 links: verruca seborrhoica.De afwijking is volledig verwijderd. [CRLF]II huidbiopt, volgens klinische gegevens hals links: acraal type huid met een eccrien poroom.[CRLF]N.B.: Gezien het histologisch beeld en de vraagstelling lijkt er sprake van een verwisseling van I en II!
Gold Standard (Codes): huid voet links excisie poroom [C-SEP] huid hals links biopt 'verruca seborrhoica'
Translated Sentence (beam): huid hals links excisie'verruca seborrhoica'
Translated Sentence (greedy): huid'verruca seborrhoica''resectievlak vrij'
==================================================
Input Sentence: Met bloed bijgemengd gewrichtsvocht heup zonder specifieke bijzonderheden.
Gold Standard (Codes): heup punctie 'geen maligniteit'
Translated Sentence (beam): heup biopt 'geen afwijking'
Translated Sentence (greedy): 'weke delen' 'geen afwijking'
==================================================
Input Sentence: Definitieve diagnose: huidbiopt nek: nodulair basaalcelcarcinoom, radicaal verwijderd.
Gold Standard (Codes): huid nek biopt 'basocellulair carcinoom'
Translated Sentence (beam): huid nek biopt basaalcelcarcinoom
Translated Sentence (greedy): huid nek biopt basaalcelcarcinoom
==================================================
Input Sentence: Biopt ware stemplooi links: geringe fibrose, geen dysplasie of maligniteit
Gold Standard (Codes): stemband links biopt 'geen maligniteit'
Translated Sentence (beam): stemplooi links biopt 'geen maligniteit'
Translated Sentence (greedy): stemband biopt 'geen maligniteit'
==================================================
Input Sentence: Cervixbiopt (endocervix, exofytische laesie): Papillaire lasie met cilindrisch epitheel, met tenminste dysplasie verdacht voor adenocarcinoom. [CRLF]Gezien het klinisch beeld volgt aanvullend onderzoek ten behoeve van typering en identificatie origine.[CRLF]Zie tevens T20-11627.[CRLF]Aanvulling d.d. 30-04-2020:[CRLF]Beeld te duiden als laesie van primair gynaecologische origine. Gezien HPV negativiteit en diffuus sterke aankleuring van Vimentine, ER en PR is een primaire origine in endometrium niet uit te sluiten.[CRLF]N.B. deze afwijking is NIET overeenkomstig met de rectosigmoid laesie (zie T20-011627)
Gold Standard (Codes): uterus cervix biopt maligniteit 'diagnose onzeker' dysplasie
Translated Sentence (beam): cervix biopt adenocarcinoom
Translated Sentence (greedy): cervix biopt adenocarcinoom'revisie extern'
==================================================
Input Sentence: Excisie subcutane weke delen voet rechts: myofibroom.
Gold Standard (Codes): 'weke delen' voet rechts excisie myofibroom
Translated Sentence (beam): 'weke delen' voet rechts excisie myofibroom
Translated Sentence (greedy): 'weke delen' voet rechts excisie myofibrooom
==================================================
Input Sentence: Histologisch biopt zwelling supraclaviculair links: lokalisatie adenocarcinoom, morfologisch beeld passend bij metastase mammacarcinoom.[CRLF]ER en PR positief; Her2neu negatief.
Gold Standard (Codes): supraclaviculair links biopt zwelling 'metastase adenocarcinoom' mamma 'oestrogeenreceptorbepaling positief' 'progesteronreceptorbepaling positief' 'her2 neu negatief'
Translated Sentence (beam): slijmvlies supraclaviculair links biopt'metastase adenocarcinoom'
Translated Sentence (greedy): 'slijmvlies supraclaviculair' links biopt'metastase adenocarcinoo
==================================================
Input Sentence: I, II. Colonbiopten (linkszijdig, rectum): Colonslijmvlies zonder afwijkingen. Geen microscopische colitis, geen dysplasie.
Gold Standard (Codes): colon biopt 'geen afwijking'
Translated Sentence (beam): colon biopt 'geen afwijking'
Translated Sentence (greedy): colon biopt 'geen afwijking'
==================================================
Input Sentence: Uterus resectie en resectie van adnexen: in het myometrium wordt endometrioid adenocarcinoom gezien, graad 1. De tumor groeit tot meer dan myometrium dikte. Geen ingroei van de tumor in de cervix gevonden. Er worden enkele tumorbuizen in isthmus gezien. Sereus oppervlak van de uterus en de tubahoeken links en rechts zijn vrij van de tumor. pTNM classificatie is pT1bNx. FIGO stadium Ib.[CRLF]Tevens worden meerdere leiomyomen gevonden. [CRLF]In het linkerovarium wordt benigne endometriosecyste gezien. Er worden meerdere follikelcysten gezien. Tevens meerdere paratubaire cysten.[CRLF]In het rechterovarium worden enkele benigne follikelcysten gezien. Tevens meerdere paratubaire cysten.
Gold Standard (Codes): uterus endometrium resectie adenocarcinoom
Translated Sentence (beam): uterus endometrium resectie adenocarcinoom
Translated Sentence (greedy): uterus endometrium resectie adenocarcinoom [C-SEP] uterus end
==================================================
Input Sentence: Urine: geen maligne cellen gezien.
Gold Standard (Codes): urine cytologie 'geen maligniteit'
Translated Sentence (beam): urine cytologie 'geen maligniteit'
Translated Sentence (greedy): urine cytologie 'geen maligne cellen'
==================================================
Input Sentence: Huidexcisie (rug): dermale naevus naevocellularis, in toto verwijderd. Geen atypie.
Gold Standard (Codes): huid rug resectie naevus
Translated Sentence (beam): huid rug excisie 'naevus naevocellularis'
Translated Sentence (greedy): huid rug excisie 'naevus naevocellularis'
==================================================
Input Sentence: Transurethraal verkregen prostaatresectiemateriaal (64 gram) met glandulaire en in mindere mate fibromusculaire hyperplasie. Focaal een chronische ontsteking. Geen aanwijzingen voor maligniteit.
Gold Standard (Codes): prostaat 'transurethrale resectie' 'glandulaire hyperplasie' 'fibromusculaire hyperplasie' 'chronische ontsteking' 
Translated Sentence (beam): prostaat tur hyperplasie ontsteking
Translated Sentence (greedy): prostaat tur 'chronische ontsteking'
==================================================
Input Sentence: Huidexcisiepreparaat bovenbeen rechts met een geirriteerde verruca seborrhoica.
Gold Standard (Codes): huid been excisie 'verruca seborrhoica'
Translated Sentence (beam): huid bovenbeen rechts excisie'verruca seborrhoica'
Translated Sentence (greedy): huid bovenbeen rechts excisie'verruca seborrhoica'
==================================================
Input Sentence: 3-tal huidexcisies (parietaal links voor en achter en boven linkeroor): in alle 3 de inzendingen een dermale naevus naevocellularis.[CRLF]*******
Gold Standard (Codes): huid excisie 'dermale naevus'
Translated Sentence (beam): huid excisie 'naevus dermalis'
Translated Sentence (greedy): huid voorhoofd links excisie naevus
==================================================
Input Sentence: I t/m X: slijmvliesbiopten oesofagus van distaal naar proximaal: Barrett oesofagus met sterke intestinale metaplasie en chronische gering actieve ontsteking. Geen dysplasie of maligniteit.
Gold Standard (Codes): oesofagus biopt barrett ontsteking 'intestinale metaplasie'
Translated Sentence (beam): oesofagus biopt barrett
Translated Sentence (greedy): oesofagus biopt barrett
==================================================
Input Sentence: Beenmergbiopt (crista): beenmerg met actieve trilineaire haematopoese, geen lymfoom aantoonbaar. Orienterend immunohistochemisch onderzoek wordt nog verricht.[CRLF]AANVULLEND BERICHT (30-05-2013):[CRLF]M.b.v. orienterend immunohistochemisch onderzoek (CD3, CD20, CD79) geen Non Hodgkin Lymfoom aantoonbaar. [CRLF](mb/sv)
Gold Standard (Codes): beenmerg biopt 'geen maligniteit'
Translated Sentence (beam): beenmerg biopt 'geen afwijking'
Translated Sentence (greedy): beenmerg biopt 'geen maligniteit'
==================================================
Input Sentence: Huidbiopsie rechter onderarm: differentiaal diagnostisch kan gedacht worden aan een vlakke verruca vulgaris dan wel actinische keratose met hyperkeratose. Verder niet specifiek ontsteking. Geen aanwijzingen voor maligniteit.
Gold Standard (Codes): huid biopt 'geen maligniteit'
Translated Sentence (beam): huid onderarm rechts biopsie'verruca vulgaris' 'actinische keratose'
Translated Sentence (greedy): huid onderarm rechts biopsie'verruca vulgaris'
==================================================
Input Sentence: Cristabiopt van goede kwaliteit met sterk hypercellulair beenmerg waarin geen afwijkingen. Voorlopig geen aanwijzingen voor maligne lymfoom in dit materiaal. [CRLF]28-9-18[CRLF]Eindconclusie: conform
Gold Standard (Codes): beenmerg 'os ilium' 'zijdigheid onbekend' biopt 'geen afwijkingen'
Translated Sentence (beam): beenmerg biopt 'geen afwijking'
Translated Sentence (greedy): beenmerg biopt'maligne lymfoom'
==================================================
Input Sentence: Consult t.b.v. derden (PA-lab ******* *******, PA-nummer T21-9293):[CRLF]Huidbiopt onderbeen links: beeld van een oud necrotisch blaardak met ondergelegen re-epithelialisatie. Op dit materiaal geen classificerende diagnose. Bij blijvende klinische verdenking wordt verzocht een biopt te nemen van een verse laesie.[CRLF]Coupes na scannen met dank retour.
Gold Standard (Codes): huid been links biopt reactief 'consult t.b.v. derden concordant'
Translated Sentence (beam): 'huid been' links biopt necrose 'consult extern' 'consult concordant'
Translated Sentence (greedy): huid onderbeen links biopt 'onderbeen afwijking' 'consult extern'
==================================================
Input Sentence: Huidexcisie (nek): dermale naevus naevocellularis. Geen aanwijzingen voor dysplasie of maligniteit.[CRLF]Skh
Gold Standard (Codes): huid nek excisie 'dermale naevus'
Translated Sentence (beam): huid nek excisie 'dermale naevus'
Translated Sentence (greedy): huid excisie 'naevus naevocellularis'
==================================================
Input Sentence: Huidbiopt linkerbovenbeen dorsomediaal: er is een overwegend superficieel gelegen dermatitis met oppervlakkig in de epidermis een sterk actieve ontsteking. Allereerst wordt aan een infectieuze aetiologie gedacht. Geen maligniteit.
Gold Standard (Codes): huid been links biopt dermatose
Translated Sentence (beam): huid been biopt ontsteking
Translated Sentence (greedy): huid been links biopt ontsteking
==================================================
Input Sentence: Biopt glans penis met geringe chronische niet specifieke ontsteking
Gold Standard (Codes): penis biopt 'chronische ontsteking'
Translated Sentence (beam): penis biopt 'chronische ontsteking'
Translated Sentence (greedy): penis biopt 'chronische ontsteking'
==================================================
Input Sentence: I: oppervlakkige huid shave-excisie kin links waarin een (waarschijnlijk dermale) naevus naevocellularis. Epidermis niet goed beoordeelbaar.[CRLF]II: huid shave-excisie linker zijde slaap waarin een dermale naevus naevocellularis.[CRLF]III: huid shave-excisie rug waarin een dermale naevus naevocellularis.
Gold Standard (Codes): huid excisie 'naevus naevocellularis'
Translated Sentence (beam): huid kin excisie 'naevus naevocellularis' [C-SEP] hui
Translated Sentence (greedy): huid kin links shave excisie 'naevus naevocellularis' [C-S
==================================================
Input Sentence: Celrijk pleuravocht zijdigheid onbekend.[CRLF]Geen maligne cellen gevonden.
Gold Standard (Codes): pleuravocht 'zijdigheid onbekend' punctie 'geen maligniteit'
Translated Sentence (beam): pleuravocht cytologie 'geen maligniteit'
Translated Sentence (greedy): pleuravocht cytologie pleuravocht
==================================================
Input Sentence: Urine : benigne, normaal celbeeld. Erytrocyturie.
Gold Standard (Codes): urine 'geen maligniteit' erytrocyten
Translated Sentence (beam): urine cytologie 'geen afwijking'
Translated Sentence (greedy): urine cytologie 'geen maligniteit'
==================================================
Input Sentence: Cervixbiopt: uitgebreide aanwezigheid van ernstige dysplasie (CIN III).
Gold Standard (Codes): cervix biopt 'ernstige dysplasie'
Translated Sentence (beam): cervix biopt 'ernstige dysplasie'
Translated Sentence (greedy): cervix biopt 'ernstige dysplasie'
==================================================
Input Sentence: Huidexcisie schouder links: Overwegend superficieel en focaal nodulair groeiend basaalcelcarcinoom. Snijranden vrij.
Gold Standard (Codes): huid schouder links excisie basaalcelcarcinoom
Translated Sentence (beam): huid schouder links excisie basaalcelcarcinoom
Translated Sentence (greedy): huid schouder links excisie basaalcelcarcinoom
==================================================
Input Sentence: Punctie schildklier nodus rechts: beeld kan passen bij multinodulair struma met cysteuze veranderingen.[CRLF]Bethesda 2[CRLF]RCPath Thy2c
Gold Standard (Codes): schildklier cytologie hyperplasie cyste
Translated Sentence (beam): schildklier rechts punctie'metastase adenocarcinoom' struma
Translated Sentence (greedy): schildklier rechts punctie'multinodulair struma' cyste
==================================================
Input Sentence: I: Huid biopt (hoofd links temporaal): Nodulair basaalcelcarcinoom.[CRLF]II: Huidbiopt (linker bovenbeen): Nodulair basaalcelcarcinoom met een deels superficieel groeiwijze.[CRLF]III: Huidbiopt (rechter enkel): Superficieel basaalcelcarcinoom met een deels multifocale groeiwijze.
Gold Standard (Codes): huid biopt basaalcelcarcinoom
Translated Sentence (beam): huid hoofd links biopt basaalcelcarcinoom [C-SEP] huid enkel rechts
Translated Sentence (greedy): huid hoofd biopt basaalcelcarcinoom [C-SEP] huid hoofd biop
==================================================
Input Sentence: I: Huidbiopt (onder het rechteroog): Nodulair basaalcelcarcinoom, vrijwel reikend tot in de bodem.[CRLF]II: Huidbiopt (onderlip, rechts van het midden): Cheilitis actinica.
Gold Standard (Codes): huid wang biopt basaalcelcarcinoom [C-SEP] huid lip biopt 'cheilitis actinica'
Translated Sentence (beam): huid gelaat biopt basaalcelcarcinoom [C-SEP] huid gelaat biop
Translated Sentence (greedy): huid gelaat rechts biopt basaalcelcarcinoom 'cheilitis actinica'
==================================================
Input Sentence: Huid neusrug links: infiltratief basaalcelcarcinoom, mogelijk radicaal.[CRLF]17-06-16/*******
Gold Standard (Codes): huid neus links excisie basaalcelcarcinoom
Translated Sentence (beam): huid neus links excisie basaalcelcarcinoom
Translated Sentence (greedy): huid neusrug links stans basaalcelcarcinoom
==================================================
Input Sentence: pleuravocht links: lymfocytair exsudaat; geen maligniteit.
Gold Standard (Codes): pleuravocht links 'geen maligniteit' lymfocyten
Translated Sentence (beam): pleuravocht links excisie 'geen maligniteit'
Translated Sentence (greedy): pleuravocht links excisie 'geen maligniteit'
==================================================
Input Sentence: Huidbiopt onderbeen links (lateraal van knie): subepidermaal oedeem met fibrine en een chronische ontsteking, waarvan het beeld kan passen bij bulleuze erysipelas. Zie verder overweging in de microscopie. Geen schimmel aanwezig, geen aanwijzingen voor de overige genoemde differentiaal diagnosen.
Gold Standard (Codes): huid onderbeen links biopt erysipelas
Translated Sentence (beam): huid been links biopt oedeem 'chronische ontsteking'
Translated Sentence (greedy): huid been links biopt bulleuze
==================================================
Input Sentence: Resectie poliepje sigmoid (5 mm): tubulair adenoom met laaggradige dysplasie.
Gold Standard (Codes): sigmoid poliep resectie 'tubulair adenoom'
Translated Sentence (beam): colon resectie adenoom 'laaggradige dysplasie'
Translated Sentence (greedy): sigmoid resectie 'tubulair adenoom' 'laaggradige dysplasie'
==================================================
Input Sentence: Huidexcisiebiopt onder clavicula rechts met samengestelde naevus naevocellularis met dysplastische kenmerken, in toto verwijderd.
Gold Standard (Codes): huid clavicula rechts excisie 'samengestelde naevus' 'snijvlak vrij'
Translated Sentence (beam): huid biopsie clavicula rechts'samengestelde naevus'
Translated Sentence (greedy): huid'samengestelde naevus' dysplasie
==================================================
Input Sentence: Dikke darmbiopten (colon): dikke darmslijmvlies zonder duidelijke afwijkingen. Geen microscopisch colitis. Geen chronische idiopathische inflammatoire darmziekte. Geen medicamenteuze colitis. Geen teken van infectie.
Gold Standard (Codes): colon biopt normaal
Translated Sentence (beam): 'dikke darm' biopt g.a.
Translated Sentence (greedy): 'dikke darm' biopt 'geen afwijking'
==================================================
Input Sentence: endometriumbiopt: weinig celmateriaal waarin geen aanwijzingen voor hyperplasie, atypie of maligniteit. Klinisch atrofie?
Gold Standard (Codes): endometrium biopt 'geen afwijking'
Translated Sentence (beam): endometrium biopt 'geen maligniteit'
Translated Sentence (greedy): endometrium biopt 'geen maligniteit'
==================================================
Input Sentence: Colonslijmvliesbiopten (rectum distaal): geringe chronische niet specifieke ontsteking. Geen tekenen van doorgemaakte ontsteking of granulomateuze ontsteking.[CRLF]S/l
Gold Standard (Codes): rectum biopt 'chronische ontsteking'
Translated Sentence (beam): colon biopt 'geen afwijking'
Translated Sentence (greedy): colon biopt ontsteking
==================================================
Input Sentence: Oppervlakkige liesklierdissectie rechts: zeven lymfklieren, in drie lymfklieren metastatisch maligne melanoom. Diameter grootste metastase 1,2 cm. Extranodale groei aanwezig, deels langs bloedvaten. Geen angio-invasie.
Gold Standard (Codes): lymfklier resectie 'metastase maligne melanoom' huid
Translated Sentence (beam): lymfklier lies rechts excisie'metastase melanoom' huid
Translated Sentence (greedy): lymfklier lies rechts excisie'metastase melanoom' huid
==================================================
Input Sentence: Huidbiopt flank/zijde links waarin een hemangioom. Geen maligniteit.
Gold Standard (Codes): huid flank biopt reactief
Translated Sentence (beam): huid biopt hemangioom
Translated Sentence (greedy): huid flank links biopt hemangioom
==================================================
Input Sentence: Slijmvliesexcisies cervix met ernstige dysplasie van plaveiselepitheel (CIN-3).
Gold Standard (Codes): cervix excisie 'ernstige dysplasie'
Translated Sentence (beam): cervix excisie cin-3
Translated Sentence (greedy): cervix excisie 'ernstige dysplasie' cin-3
==================================================
Input Sentence: Huidbiopt lateraal op linker enkel: aspecifiek beeld, langer bestaand eczeem zou nog kunnen overwogen worden. Onvoldoende argumenten voor stase dermatitis. Geen argumenten voor morbus Bowen.
Gold Standard (Codes): huid biopt been links 'geen zekere diagnose'
Translated Sentence (beam): huid enkel links biopt eczeem
Translated Sentence (greedy): huid enkel links biopt eczeem
==================================================
Input Sentence: Poliepectiomie sigmoid: chronisch focaal actieve ontsteking. Geen adenoom.
Gold Standard (Codes): colon excisie 'chronisch actieve ontsteking'
Translated Sentence (beam): colon biopsie 'chronische actieve ontsteking'
Translated Sentence (greedy): sigmoid biopt 'chronische actieve ontsteking'
==================================================
Input Sentence: Huidbiopt schouder links: folliculotrope en CD4 positief T-cel infiltraat, gepaard gaande met folliculaire mucinose, passend bij folliculotrope mycosis fungoides.
Gold Standard (Codes): huid schouder links biopt 'mycosis fungoides'
Translated Sentence (beam): huid biopt'mycosis fungoides'
Translated Sentence (greedy): huid schouder links biopt 'folliculaire tumor''maligne mecosis fungoides'
==================================================
Input Sentence: Lymfklier excisie rechts inguinaal: histologisch beeld conform de andere lymfklier (T15-28649), zonder aanwijzingen voor maligniteit of granulomateuze ziekte.[CRLF]AANVULLEND BERICHT (d.d. 21-10-15):[CRLF]Naar aanleiding van het verzoek van de kliniek  (zie aanvulling bij T15-55412) werd het preparaat gereviseerd. Hierbij geen nieuwe inzichten. Het betreft een fibrotische/atrofische lymfklier zonder aanwijzingen voor (lymforeticulaire) maligniteit. [CRLF](lb/sd)
Gold Standard (Codes): lymfklier lies excisie 'geen maligniteit'
Translated Sentence (beam): lymfklier excisie 'geen maligniteit'
Translated Sentence (greedy): lymfklier excisie 'granulomateuze ontsteking'
==================================================
Input Sentence: Vaginabiopt (koepel links): geringe epitheeldysplasie (VAIN1)
Gold Standard (Codes): vagina biopt 'geringe dysplasie'
Translated Sentence (beam): vagina biopt 'geen afwijking'
Translated Sentence (greedy): vagina links biopt 'geringe dysplasie'
==================================================
Input Sentence: Biopt humerus rechts: cholesterolkristallen met vreemdlichaamreuscelreactie. [CRLF]Geen aanwijzingen voor maligniteit in dit materiaal, representatief? Zie [CRLF]overweging.
Gold Standard (Codes): humerus rechts biopt 'reactieve verandering'
Translated Sentence (beam): humerus rechts biopt cholesterol
Translated Sentence (greedy): humerus rechts biopt cholesterolkristallopathie
==================================================
Input Sentence: Huidexcisie rechterlies: overwegend dermale naevus naevocellularis. Onvoldoende argumenten voor dysplasie of maligniteit.[CRLF]plg
Gold Standard (Codes): huid lies rechts excisie 'samengestelde naevus'
Translated Sentence (beam): huid excisie 'naevus naevocellularis'
Translated Sentence (greedy): huid'snijvlak vrij' naevus excisie
==================================================
Input Sentence: Definitief: Biopten sinus piriformis rechts: actieve ontsteking, geen dysplasie of maligniteit. In PAS-kleuring geen schimmels.
Gold Standard (Codes): 'sinus piriformis' biopt 'actieve ontsteking'
Translated Sentence (beam): 'sinus piriformis' rechts biopt 'actieve ontsteking'
Translated Sentence (greedy): 'sinus piriformis' rechts biopt 'actieve ontsteking' 'geen ma
==================================================
Input Sentence: Vasectomie beiderzijds: ductus deferens zonder afwijkingen.
Gold Standard (Codes): 'ductus deferens' biopt 'geen afwijking'
Translated Sentence (beam): 'vas deferens' 'geen afwijking'
Translated Sentence (greedy): 'ductus deferens' links rechts resectie 'geen afwijking'
==================================================
Input Sentence: Er is weke delen excisiebiopt onderarm rechts waarin mesenchymale proliferatie met neurogene differentiatie, in 1e instantie gaat de voorkeur uit naar neurofibroom. De casus wordt elders ter consultatie aangeboden.[CRLF]19-07-18: consult ******* onder nr. T18-50722[CRLF]Conclusie[CRLF]Ter consult ontvangen materiaal uit het ******* gasthuis (T18-056791):[CRLF]Excisie zwelling rechteronderarm: benigne perifere zenuwschedetumor best passend bij schwannoom.
Gold Standard (Codes): 'weke delen' arm rechts excisie dubieus neurofibroom 'geen zekere diagnose' 'consult intern' 'consult extern'
Translated Sentence (beam): 'weke delen' onderarm rechts excisie neurofibroom 'consult ten behoeve van der
Translated Sentence (greedy): 'weke delen' onderarm rechts excisiebiopt neurofibroom 'consult extern' 'consult con
==================================================
Input Sentence: Huidexcisie rechts temporaal waarin een solide basaalcelcarcinoom met focaal acantholyse. Het 6-uurs resectievlak is niet vrij. De overige resectievlakken zijn vrij.
Gold Standard (Codes): huid excisie hoofd basaalcelcarcinoom
Translated Sentence (beam): huid temporaal rechts excisie basaalcelcarcinoom
Translated Sentence (greedy): huid temporaal rechts excisie basaalcelcarcinoom'resectievlak v
==================================================
Input Sentence: Huidbiopt: celrijk dermatofibroom, er bestaat een recidief kans.
Gold Standard (Codes): huid biopt 'fibreus histiocytoom' recidief
Translated Sentence (beam): huid biopt dermatofibroom recidief
Translated Sentence (greedy): huid biopt dermatofibroom
==================================================
Input Sentence: Uterusresectie zonder ovaria: uitgebreide adenomyosis. Niet atypisch endometrium, geen hyperplasie. Geen dysplasie of atypie in de cervix. De tubae tonen een normale opbouw.
Gold Standard (Codes): uterus resectie adenomyosis [C-SEP] cervix resectie 'geen afwijking' [C-SEP] tuba links rechts resectie 'geen afwijking'
Translated Sentence (beam): uterus resectie 'geen maligniteit' adenomyosis [C-SEP
Translated Sentence (greedy): uterus resectie adenoom
==================================================
Input Sentence: Urine (spontaan) zonder afwijkingen.
Gold Standard (Codes): urine 'geen afwijkingen'
Translated Sentence (beam): urine spontaan 'geen afwijkingen'
Translated Sentence (greedy): urine'spontaan verkregen' 'geen afwijkingen'
==================================================
Input Sentence: Huidbiopt pretibiaal linker onderbeen: Bowenoide keratosis actinica. In dit biopt geen invasieve groei aantoonbaar.
Gold Standard (Codes): huid biopt 'keratosis actinica' 'sterke atypie' been links
Translated Sentence (beam): huid been links biopt 'keratosis actinica'
Translated Sentence (greedy): huid been links biopt'morbus bowen'
==================================================
Input Sentence: Leverbiopt (segment V): localisatie adenocarcinoom, het beeld past bij metastase cholangiocarcinoom.
Gold Standard (Codes): lever biopt 'metastase adenocarcinoom' 'extrahepatische galweg'
Translated Sentence (beam): lever biopt'metastase carcinoom' 'localisatie primaire tumor onbekend'
Translated Sentence (greedy): lever biopt'metastase adenocarcinoom' 'localisatie primaire tumor onbeken
==================================================
Input Sentence: Huidexcisie onder linker knie (uw nummer 2): samengestelde maar vooral dermaal gelokaliseerde naevus naevocellularis met kenmerken van een congenitale naevus. Er is wat wisselende pigmentverdeling. Geen aanknopingspunten voor maligniteit. De laesie is geheel verwijderd.
Gold Standard (Codes): huid knie links excisie 'samengestelde naevus naevocellularis'
Translated Sentence (beam): huid knie links excisie 'naevus naevocellularis''resec
Translated Sentence (greedy): huid 'naevus naevocellularis' links excisie'sneevlak
==================================================
Input Sentence: Consult Moleculaire diagnostiek en predictieve diagnostiek PD-L1 immunotherapie op FFPE t.b.v. therapiekeuze *******, ******* T22-13566:[CRLF]ALK-IHC (D5F3) is negatief.[CRLF]PD-L1 IHC: 40% positieve tumorcellen.[CRLF]Mutatie analyse en fusiegen analyse is niet mogelijk omdat er te weinig materiaal beschikbaar is. Indien gewenst kan ander/nieuw materiaal met een nieuwe aanvraag worden ingestuurd.
Gold Standard (Codes): long biopt therapiekeuzetest 'pdl1 positief' 'geen goed materiaal' 'consult ten behoeve van derden'
Translated Sentence (beam): colon resectie adenocarcinoom 'consult moleculaire biologie'
Translated Sentence (greedy): colon 'zijdigheid onbekend' 'consult moleculaire biologie' 'consult mole
==================================================
Input Sentence: Resectie coecumbodem en appendix: Dikkedarm met op de overgang coecum naar appendix adenomateuze veranderingen met laaggradige dysplasie; voorts in de appendixwand een tamelijk forse acute niet specifieke ontsteking zonder crypt abcessen. De radicaliteit van het gebied met adenomateuze veranderingen kan niet goed worden aangegeven door de aanwezigheid van talrijke nietjes.
Gold Standard (Codes): appendix resectie ontsteking 'geringe dysplasie'
Translated Sentence (beam): coecum resectie adenoom 'laaggradige dysplasie'
Translated Sentence (greedy): coecum resectie adenoom 'dysplasie gering'
==================================================
Input Sentence: Huidbiopt (bovenarm, rechts): beeld goed passend bij eczeem.
Gold Standard (Codes): huid arm rechts biopt eczeem
Translated Sentence (beam): huid bovenarm rechts biopt eczeem
Translated Sentence (greedy): huid arm rechts biopt eczeem
==================================================
Input Sentence: Huidbiopt (borst rechts onder clavicula): vooralsnog beeld van dermatitis, chronisch actief. Diepere doorsnijdingen volgen. Geen beeld van morbus Bowen. Vooralsnog geen basaalcelcarcinoom.[CRLF]Aanvullende 11 oktober 2013.[CRLF]In diepere doorsneden crustavorming van de epidermis. Geen schimmels of gisten aantoonbaar. Geen beeld van morbus Bowen. Geen basaalcelcarcinoom. Conclusie ongewijzigd.
Gold Standard (Codes): huid borst rechts biopt dermatitis
Translated Sentence (beam): huid romp biopt 'geen afwijking'
Translated Sentence (greedy): huid romp biopt dermatitis bowen
==================================================
Input Sentence: Urine: Geen maligniteit.
Gold Standard (Codes): urine 'geen maligniteit'
Translated Sentence (beam): urine 'geen maligniteit'
Translated Sentence (greedy): urine 'geen maligniteit'
==================================================

JOB STATISTICS
==============
Job ID: 4969411
Cluster: snellius
User/Group: msiepel/msiepel
State: RUNNING
Nodes: 1
Cores per node: 18
CPU Utilized: 00:00:00
CPU Efficiency: 0.00% of 00:19:12 core-walltime
Job Wall-clock time: 00:01:04
Memory Utilized: 0.00 MB (estimated maximum)
Memory Efficiency: 0.00% of 39.06 GB (39.06 GB/node)
WARNING: Efficiency statistics may be misleading for RUNNING jobs.
